2025-05-26 19:58:48,010 - web_scanner_bot - INFO - ===== Веб сканнер с Telegram ботом запущен =====
2025-05-26 19:58:48,010 - web_scanner_bot - INFO - Логи сохраняются в: logs/bot_log_2025-05-26_19-58-48.log
2025-05-26 19:58:48,215 - web_scanner_bot - INFO - Telegram Bot Token: 78009...ZhopI
2025-05-26 19:58:56,541 - web_scanner_bot - INFO - Пользователь 7168936119 (botsma) вызвал команду /brute для https://xn--45-mlclgj2f.xn--p1ai/phpmyadmin с логином admin
2025-05-26 19:58:56,937 - web_scanner_bot - INFO - Запуск брутфорса basic для https://xn--45-mlclgj2f.xn--p1ai/phpmyadmin
2025-05-26 19:58:57,206 - web_scanner_bot - INFO - Обновлено сообщение с прогрессом: <b>🔑 Прогресс перебора паролей:</b>
Проверено: 0% ...
2025-05-26 19:58:59,425 - web_scanner_bot - INFO - Обновлено сообщение с прогрессом: <b>🔑 Прогресс перебора паролей:</b>
Проверено: 1% ...
2025-05-26 19:59:01,648 - web_scanner_bot - INFO - Обновлено сообщение с прогрессом: <b>🔑 Прогресс перебора паролей:</b>
Проверено: 2% ...
2025-05-26 19:59:03,879 - web_scanner_bot - INFO - Обновлено сообщение с прогрессом: <b>🔑 Прогресс перебора паролей:</b>
Проверено: 4% ...
2025-05-26 19:59:06,096 - web_scanner_bot - INFO - Обновлено сообщение с прогрессом: <b>🔑 Прогресс перебора паролей:</b>
Проверено: 5% ...
2025-05-26 19:59:08,341 - web_scanner_bot - INFO - Обновлено сообщение с прогрессом: <b>🔑 Прогресс перебора паролей:</b>
Проверено: 7% ...
2025-05-26 19:59:10,552 - web_scanner_bot - INFO - Обновлено сообщение с прогрессом: <b>🔑 Прогресс перебора паролей:</b>
Проверено: 9% ...
2025-05-26 19:59:12,759 - web_scanner_bot - INFO - Обновлено сообщение с прогрессом: <b>🔑 Прогресс перебора паролей:</b>
Проверено: 11%...
2025-05-26 19:59:14,978 - web_scanner_bot - INFO - Обновлено сообщение с прогрессом: <b>🔑 Прогресс перебора паролей:</b>
Проверено: 13%...
2025-05-26 19:59:17,297 - web_scanner_bot - INFO - Обновлено сообщение с прогрессом: <b>🔑 Прогресс перебора паролей:</b>
Проверено: 15%...
2025-05-26 19:59:19,507 - web_scanner_bot - INFO - Обновлено сообщение с прогрессом: <b>🔑 Прогресс перебора паролей:</b>
Проверено: 16%...
2025-05-26 19:59:21,716 - web_scanner_bot - INFO - Обновлено сообщение с прогрессом: <b>🔑 Прогресс перебора паролей:</b>
Проверено: 19%...
2025-05-26 19:59:23,928 - web_scanner_bot - INFO - Обновлено сообщение с прогрессом: <b>🔑 Прогресс перебора паролей:</b>
Проверено: 21%...
2025-05-26 19:59:26,160 - web_scanner_bot - INFO - Обновлено сообщение с прогрессом: <b>🔑 Прогресс перебора паролей:</b>
Проверено: 23%...
2025-05-26 19:59:28,417 - web_scanner_bot - INFO - Обновлено сообщение с прогрессом: <b>🔑 Прогресс перебора паролей:</b>
Проверено: 25%...
2025-05-26 19:59:30,634 - web_scanner_bot - INFO - Обновлено сообщение с прогрессом: <b>🔑 Прогресс перебора паролей:</b>
Проверено: 27%...
2025-05-26 19:59:32,873 - web_scanner_bot - INFO - Обновлено сообщение с прогрессом: <b>🔑 Прогресс перебора паролей:</b>
Проверено: 28%...
2025-05-26 19:59:35,082 - web_scanner_bot - INFO - Обновлено сообщение с прогрессом: <b>🔑 Прогресс перебора паролей:</b>
Проверено: 31%...
2025-05-26 19:59:37,302 - web_scanner_bot - INFO - Обновлено сообщение с прогрессом: <b>🔑 Прогресс перебора паролей:</b>
Проверено: 33%...
2025-05-26 19:59:39,508 - web_scanner_bot - INFO - Обновлено сообщение с прогрессом: <b>🔑 Прогресс перебора паролей:</b>
Проверено: 35%...
2025-05-26 19:59:41,736 - web_scanner_bot - INFO - Обновлено сообщение с прогрессом: <b>🔑 Прогресс перебора паролей:</b>
Проверено: 37%...
2025-05-26 19:59:43,986 - web_scanner_bot - INFO - Обновлено сообщение с прогрессом: <b>🔑 Прогресс перебора паролей:</b>
Проверено: 39%...
2025-05-26 19:59:46,291 - web_scanner_bot - INFO - Обновлено сообщение с прогрессом: <b>🔑 Прогресс перебора паролей:</b>
Проверено: 41%...
2025-05-26 19:59:48,502 - web_scanner_bot - INFO - Обновлено сообщение с прогрессом: <b>🔑 Прогресс перебора паролей:</b>
Проверено: 43%...
2025-05-26 19:59:50,804 - web_scanner_bot - INFO - Обновлено сообщение с прогрессом: <b>🔑 Прогресс перебора паролей:</b>
Проверено: 44%...
2025-05-26 19:59:53,024 - web_scanner_bot - INFO - Обновлено сообщение с прогрессом: <b>🔑 Прогресс перебора паролей:</b>
Проверено: 46%...
2025-05-26 19:59:55,237 - web_scanner_bot - INFO - Обновлено сообщение с прогрессом: <b>🔑 Прогресс перебора паролей:</b>
Проверено: 48%...
