2025-05-26 19:42:15,676 - web_scanner_bot - INFO - ===== Веб сканнер с Telegram ботом запущен =====
2025-05-26 19:42:15,676 - web_scanner_bot - INFO - Логи сохраняются в: logs/bot_log_2025-05-26_19-42-15.log
2025-05-26 19:42:16,019 - web_scanner_bot - INFO - Telegram Bot Token: 78009...ZhopI
2025-05-26 19:42:27,312 - web_scanner_bot - INFO - Пользователь 7168936119 (botsma) вызвал команду /scan для https://khv.rpa-mu.ru/
2025-05-26 19:42:27,927 - web_scanner_bot - INFO - Начало сканирования URL: https://khv.rpa-mu.ru/
2025-05-26 19:42:27,927 - web_scanner_bot - INFO - Запуск сканирования для https://khv.rpa-mu.ru/ (режим эксплойта: False)
2025-05-26 19:42:27,928 - web_scanner_bot - INFO - Отправка HTTP запроса на https://khv.rpa-mu.ru/
2025-05-26 19:42:28,184 - web_scanner_bot - INFO - Получен ответ от https://khv.rpa-mu.ru/: статус 200
2025-05-26 19:42:28,185 - web_scanner_bot - INFO - Анализ сайта на уязвимости: https://khv.rpa-mu.ru/
2025-05-26 19:42:44,912 - web_scanner_bot - INFO - Анализ завершен: найдено 7 уязвимостей
2025-05-26 19:42:44,917 - web_scanner_bot - INFO - Сканирование URL https://khv.rpa-mu.ru/ завершено, найдено уязвимостей: 7
2025-05-26 19:42:44,918 - web_scanner_bot - INFO - Отчет в формате HTML для Obsidian сохранен: reports/scan_khv.rpa-mu.ru__20250526_194244.html
2025-05-26 19:43:58,132 - web_scanner_bot - INFO - Пользователь 7168936119 (botsma) вызвал команду /exp для https://khv.rpa-mu.ru/
2025-05-26 19:43:58,609 - web_scanner_bot - INFO - Начало эксплуатации уязвимостей для URL: https://khv.rpa-mu.ru/
2025-05-26 19:44:23,632 - web_scanner_bot - INFO - Эксплуатация уязвимостей для URL https://khv.rpa-mu.ru/ завершена
2025-05-26 19:44:24,859 - web_scanner_bot - INFO - HTML-отчет сохранен в reports/khv.rpa-mu.ru_20250526_194423.html и отправлен пользователю
2025-05-26 19:48:25,592 - web_scanner_bot - INFO - Пользователь 7168936119 (botsma) вызвал команду /scan для https://xn--45-mlclgj2f.xn--p1ai/
2025-05-26 19:48:26,059 - web_scanner_bot - INFO - Начало сканирования URL: https://xn--45-mlclgj2f.xn--p1ai/
2025-05-26 19:48:26,060 - web_scanner_bot - INFO - Запуск сканирования для https://xn--45-mlclgj2f.xn--p1ai/ (режим эксплойта: False)
2025-05-26 19:48:26,060 - web_scanner_bot - INFO - Отправка HTTP запроса на https://xn--45-mlclgj2f.xn--p1ai/
2025-05-26 19:48:26,279 - web_scanner_bot - INFO - Получен ответ от https://xn--45-mlclgj2f.xn--p1ai/: статус 200
2025-05-26 19:48:26,280 - web_scanner_bot - INFO - Анализ сайта на уязвимости: https://xn--45-mlclgj2f.xn--p1ai/
2025-05-26 19:48:31,937 - web_scanner_bot - INFO - Анализ завершен: найдено 13 уязвимостей
2025-05-26 19:48:31,938 - web_scanner_bot - INFO - Сканирование URL https://xn--45-mlclgj2f.xn--p1ai/ завершено, найдено уязвимостей: 13
2025-05-26 19:48:31,941 - web_scanner_bot - INFO - Отчет в формате HTML для Obsidian сохранен: reports/scan_xn--45-mlclgj2f.xn--p1ai__20250526_194831.html
2025-05-26 19:48:38,262 - web_scanner_bot - INFO - Пользователь 7168936119 (botsma) вызвал команду /exp для https://xn--45-mlclgj2f.xn--p1ai/
2025-05-26 19:48:38,756 - web_scanner_bot - INFO - Начало эксплуатации уязвимостей для URL: https://xn--45-mlclgj2f.xn--p1ai/
2025-05-26 19:48:57,192 - web_scanner_bot - INFO - Эксплуатация уязвимостей для URL https://xn--45-mlclgj2f.xn--p1ai/ завершена
2025-05-26 19:48:58,170 - web_scanner_bot - INFO - HTML-отчет сохранен в reports/xn--45-mlclgj2f.xn--p1ai_20250526_194857.html и отправлен пользователю
2025-05-26 19:49:58,866 - web_scanner_bot - INFO - Пользователь 7168936119 (botsma) вызвал команду /brute для https://xn--45-mlclgj2f.xn--p1ai/phpmyadmin с логином admin
2025-05-26 19:49:59,378 - web_scanner_bot - INFO - Запуск брутфорса basic для https://xn--45-mlclgj2f.xn--p1ai/phpmyadmin
2025-05-26 19:50:01,598 - web_scanner_bot - INFO - Обновлено сообщение с прогрессом: <b>🔑 Прогресс перебора паролей:</b>
Проверено: 0% ...
2025-05-26 19:50:03,845 - web_scanner_bot - INFO - Обновлено сообщение с прогрессом: <b>🔑 Прогресс перебора паролей:</b>
Проверено: 0% ...
2025-05-26 19:50:06,060 - web_scanner_bot - ERROR - Ошибка при обновлении прогресса: Message_too_long
2025-05-26 19:50:08,285 - web_scanner_bot - ERROR - Ошибка при обновлении прогресса: Message_too_long
2025-05-26 19:50:10,492 - web_scanner_bot - ERROR - Ошибка при обновлении прогресса: Message_too_long
2025-05-26 19:50:12,787 - web_scanner_bot - ERROR - Ошибка при обновлении прогресса: Message_too_long
2025-05-26 19:50:15,036 - web_scanner_bot - ERROR - Ошибка при обновлении прогресса: Message_too_long
2025-05-26 19:50:17,294 - web_scanner_bot - ERROR - Ошибка при обновлении прогресса: Message_too_long
2025-05-26 19:50:19,418 - web_scanner_bot - ERROR - Ошибка при обновлении прогресса: Text is too long
2025-05-26 19:50:21,663 - web_scanner_bot - ERROR - Ошибка при обновлении прогресса: Text is too long
2025-05-26 19:50:23,881 - web_scanner_bot - ERROR - Ошибка при обновлении прогресса: Text is too long
2025-05-26 19:50:26,569 - web_scanner_bot - ERROR - Ошибка при обновлении прогресса: Text is too long
2025-05-26 19:50:28,769 - web_scanner_bot - ERROR - Ошибка при обновлении прогресса: Text is too long
2025-05-26 19:50:30,885 - web_scanner_bot - ERROR - Ошибка при обновлении прогресса: Text is too long
2025-05-26 19:50:33,261 - web_scanner_bot - ERROR - Ошибка при обновлении прогресса: Text is too long
2025-05-26 19:50:35,478 - web_scanner_bot - ERROR - Ошибка при обновлении прогресса: Text is too long
2025-05-26 19:50:37,605 - web_scanner_bot - ERROR - Ошибка при обновлении прогресса: Text is too long
2025-05-26 19:50:39,751 - web_scanner_bot - ERROR - Ошибка при обновлении прогресса: Text is too long
2025-05-26 19:50:42,346 - web_scanner_bot - ERROR - Ошибка при обновлении прогресса: Text is too long
2025-05-26 19:50:44,650 - web_scanner_bot - ERROR - Ошибка при обновлении прогресса: Text is too long
2025-05-26 19:50:46,946 - web_scanner_bot - ERROR - Ошибка при обновлении прогресса: Text is too long
2025-05-26 19:50:49,184 - web_scanner_bot - ERROR - Ошибка при обновлении прогресса: Text is too long
2025-05-26 19:50:51,629 - web_scanner_bot - ERROR - Ошибка при обновлении прогресса: Text is too long
2025-05-26 19:50:53,945 - web_scanner_bot - ERROR - Ошибка при обновлении прогресса: Text is too long
2025-05-26 19:50:56,155 - web_scanner_bot - ERROR - Ошибка при обновлении прогресса: Text is too long
2025-05-26 19:51:02,027 - web_scanner_bot - ERROR - Ошибка при обновлении прогресса: Text is too long
2025-05-26 19:51:04,818 - web_scanner_bot - ERROR - Ошибка при обновлении прогресса: Text is too long
2025-05-26 19:51:07,068 - web_scanner_bot - ERROR - Ошибка при обновлении прогресса: Text is too long
2025-05-26 19:51:09,281 - web_scanner_bot - ERROR - Ошибка при обновлении прогресса: Text is too long
2025-05-26 19:51:11,592 - web_scanner_bot - ERROR - Ошибка при обновлении прогресса: Text is too long
2025-05-26 19:51:13,847 - web_scanner_bot - ERROR - Ошибка при обновлении прогресса: Text is too long
2025-05-26 19:51:16,293 - web_scanner_bot - ERROR - Ошибка при обновлении прогресса: Text is too long
2025-05-26 19:51:18,490 - web_scanner_bot - ERROR - Ошибка при обновлении прогресса: Text is too long
2025-05-26 19:51:20,672 - web_scanner_bot - ERROR - Ошибка при обновлении прогресса: Text is too long
2025-05-26 19:51:22,857 - web_scanner_bot - ERROR - Ошибка при обновлении прогресса: Text is too long
2025-05-26 19:51:25,023 - web_scanner_bot - ERROR - Ошибка при обновлении прогресса: Text is too long
2025-05-26 19:51:27,316 - web_scanner_bot - ERROR - Ошибка при обновлении прогресса: Text is too long
2025-05-26 19:51:29,622 - web_scanner_bot - ERROR - Ошибка при обновлении прогресса: Text is too long
2025-05-26 19:51:32,243 - web_scanner_bot - ERROR - Ошибка при обновлении прогресса: Text is too long
2025-05-26 19:51:34,647 - web_scanner_bot - ERROR - Ошибка при обновлении прогресса: Text is too long
2025-05-26 19:51:36,889 - web_scanner_bot - ERROR - Ошибка при обновлении прогресса: Text is too long
2025-05-26 19:51:39,158 - web_scanner_bot - ERROR - Ошибка при обновлении прогресса: Text is too long
2025-05-26 19:51:41,352 - web_scanner_bot - ERROR - Ошибка при обновлении прогресса: Text is too long
