2025-05-26 15:52:34,258 - web_scanner_bot - INFO - ===== Веб сканнер с Telegram ботом запущен =====
2025-05-26 15:52:34,258 - web_scanner_bot - INFO - Логи сохраняются в: logs/bot_log_2025-05-26_15-52-34.log
2025-05-26 15:52:34,808 - web_scanner_bot - INFO - Telegram Bot Token: 78009...ZhopI
2025-05-26 15:52:34,808 - web_scanner_bot - INFO - Запуск Telegram бота
2025-05-26 15:52:34,808 - web_scanner_bot - INFO - Создание нового event loop
2025-05-26 15:52:34,809 - web_scanner_bot - INFO - Инициализация приложения Telegram
2025-05-26 15:52:35,337 - web_scanner_bot - INFO - Регистрация обработчиков команд
2025-05-26 15:52:35,338 - web_scanner_bot - INFO - Инициализация бота
2025-05-26 15:52:35,708 - web_scanner_bot - INFO - Запуск бота
2025-05-26 15:52:35,712 - web_scanner_bot - INFO - Запуск polling для получения обновлений
2025-05-26 15:52:35,796 - web_scanner_bot - INFO - Бот запущен и готов к работе
2025-05-26 15:53:12,869 - web_scanner_bot - INFO - Пользователь 7168936119 (botsma) вызвал команду /crawl для https://sch5-bogorodsk.edumsko.ru с max_urls=50, max_depth=2
2025-05-26 15:53:13,274 - web_scanner_bot - INFO - Запуск веб-краулера для URL: https://sch5-bogorodsk.edumsko.ru
2025-05-26 15:53:13,631 - web_scanner_bot - INFO - Прогресс crawling: 2%
2025-05-26 15:53:14,570 - web_scanner_bot - INFO - Прогресс crawling: 4%
2025-05-26 15:53:14,571 - web_scanner_bot - INFO - Прогресс crawling: 6%
2025-05-26 15:53:14,571 - web_scanner_bot - INFO - Прогресс crawling: 8%
2025-05-26 15:53:14,572 - web_scanner_bot - INFO - Прогресс crawling: 10%
2025-05-26 15:53:14,573 - web_scanner_bot - INFO - Прогресс crawling: 12%
2025-05-26 15:53:18,435 - web_scanner_bot - INFO - Прогресс crawling: 14%
2025-05-26 15:53:18,435 - web_scanner_bot - INFO - Прогресс crawling: 16%
2025-05-26 15:53:18,435 - web_scanner_bot - INFO - Прогресс crawling: 18%
2025-05-26 15:53:18,436 - web_scanner_bot - INFO - Прогресс crawling: 20%
2025-05-26 15:53:18,436 - web_scanner_bot - INFO - Прогресс crawling: 22%
2025-05-26 15:53:20,149 - web_scanner_bot - INFO - Прогресс crawling: 24%
2025-05-26 15:53:20,149 - web_scanner_bot - INFO - Прогресс crawling: 26%
2025-05-26 15:53:20,150 - web_scanner_bot - INFO - Прогресс crawling: 28%
2025-05-26 15:53:20,150 - web_scanner_bot - INFO - Прогресс crawling: 30%
2025-05-26 15:53:20,150 - web_scanner_bot - INFO - Прогресс crawling: 32%
2025-05-26 15:53:22,177 - web_scanner_bot - INFO - Прогресс crawling: 34%
2025-05-26 15:53:22,178 - web_scanner_bot - INFO - Прогресс crawling: 36%
2025-05-26 15:53:22,179 - web_scanner_bot - INFO - Прогресс crawling: 38%
2025-05-26 15:53:22,179 - web_scanner_bot - INFO - Прогресс crawling: 40%
2025-05-26 15:53:22,179 - web_scanner_bot - INFO - Прогресс crawling: 42%
2025-05-26 15:53:24,220 - web_scanner_bot - INFO - Прогресс crawling: 44%
2025-05-26 15:53:24,220 - web_scanner_bot - INFO - Прогресс crawling: 46%
2025-05-26 15:53:24,220 - web_scanner_bot - INFO - Прогресс crawling: 48%
2025-05-26 15:53:24,220 - web_scanner_bot - INFO - Прогресс crawling: 50%
2025-05-26 15:53:24,221 - web_scanner_bot - INFO - Прогресс crawling: 52%
2025-05-26 15:53:26,182 - web_scanner_bot - INFO - Прогресс crawling: 54%
2025-05-26 15:53:26,182 - web_scanner_bot - INFO - Прогресс crawling: 56%
2025-05-26 15:53:26,182 - web_scanner_bot - INFO - Прогресс crawling: 57%
2025-05-26 15:53:26,182 - web_scanner_bot - INFO - Прогресс crawling: 60%
2025-05-26 15:53:26,183 - web_scanner_bot - INFO - Прогресс crawling: 62%
2025-05-26 15:53:27,867 - web_scanner_bot - INFO - Прогресс crawling: 64%
2025-05-26 15:53:27,867 - web_scanner_bot - INFO - Прогресс crawling: 66%
2025-05-26 15:53:27,868 - web_scanner_bot - INFO - Прогресс crawling: 68%
2025-05-26 15:53:27,868 - web_scanner_bot - INFO - Прогресс crawling: 70%
2025-05-26 15:53:27,868 - web_scanner_bot - INFO - Прогресс crawling: 72%
2025-05-26 15:53:29,468 - web_scanner_bot - INFO - Прогресс crawling: 74%
2025-05-26 15:53:29,468 - web_scanner_bot - INFO - Прогресс crawling: 76%
2025-05-26 15:53:29,469 - web_scanner_bot - INFO - Прогресс crawling: 78%
2025-05-26 15:53:29,469 - web_scanner_bot - INFO - Прогресс crawling: 80%
2025-05-26 15:53:29,469 - web_scanner_bot - INFO - Прогресс crawling: 82%
2025-05-26 15:53:33,022 - web_scanner_bot - INFO - Прогресс crawling: 84%
2025-05-26 15:53:33,022 - web_scanner_bot - INFO - Прогресс crawling: 86%
2025-05-26 15:53:33,022 - web_scanner_bot - INFO - Прогресс crawling: 88%
2025-05-26 15:53:33,022 - web_scanner_bot - INFO - Прогресс crawling: 90%
2025-05-26 15:53:33,023 - web_scanner_bot - INFO - Прогресс crawling: 92%
2025-05-26 15:53:35,564 - web_scanner_bot - INFO - Прогресс crawling: 94%
2025-05-26 15:53:35,564 - web_scanner_bot - INFO - Прогресс crawling: 96%
2025-05-26 15:53:35,565 - web_scanner_bot - INFO - Прогресс crawling: 98%
2025-05-26 15:53:35,565 - web_scanner_bot - INFO - Прогресс crawling: 100%
2025-05-26 15:53:35,565 - web_scanner_bot - INFO - Прогресс crawling: 100%
2025-05-26 15:53:54,576 - web_scanner_bot - INFO - Прогресс crawling: 100%
2025-05-26 15:53:54,577 - web_scanner_bot - INFO - Прогресс scanning: 1%
2025-05-26 15:54:08,465 - web_scanner_bot - INFO - Прогресс scanning: 3%
2025-05-26 15:54:16,346 - web_scanner_bot - INFO - Прогресс scanning: 5%
2025-05-26 15:54:23,635 - web_scanner_bot - INFO - Прогресс scanning: 7%
2025-05-26 15:54:30,627 - web_scanner_bot - INFO - Прогресс scanning: 9%
2025-05-26 15:54:38,389 - web_scanner_bot - INFO - Прогресс scanning: 11%
2025-05-26 15:54:44,941 - web_scanner_bot - INFO - Прогресс scanning: 13%
2025-05-26 15:54:52,500 - web_scanner_bot - INFO - Прогресс scanning: 15%
2025-05-26 15:54:59,550 - web_scanner_bot - INFO - Прогресс scanning: 17%
2025-05-26 15:55:06,369 - web_scanner_bot - INFO - Прогресс scanning: 19%
2025-05-26 15:55:12,922 - web_scanner_bot - INFO - Прогресс scanning: 21%
2025-05-26 15:55:20,337 - web_scanner_bot - INFO - Прогресс scanning: 23%
2025-05-26 15:55:29,370 - web_scanner_bot - INFO - Прогресс scanning: 25%
2025-05-26 15:55:36,766 - web_scanner_bot - INFO - Прогресс scanning: 27%
2025-05-26 15:55:42,005 - web_scanner_bot - INFO - Прогресс scanning: 29%
2025-05-26 15:55:45,695 - web_scanner_bot - INFO - Прогресс scanning: 31%
2025-05-26 15:55:51,462 - web_scanner_bot - INFO - Прогресс scanning: 33%
2025-05-26 15:55:56,879 - web_scanner_bot - INFO - Прогресс scanning: 35%
2025-05-26 15:56:02,318 - web_scanner_bot - INFO - Прогресс scanning: 37%
2025-05-26 15:56:07,400 - web_scanner_bot - INFO - Прогресс scanning: 39%
2025-05-26 15:56:12,953 - web_scanner_bot - INFO - Прогресс scanning: 41%
2025-05-26 15:56:18,499 - web_scanner_bot - INFO - Прогресс scanning: 43%
2025-05-26 15:56:24,224 - web_scanner_bot - INFO - Прогресс scanning: 45%
2025-05-26 15:56:29,673 - web_scanner_bot - INFO - Прогресс scanning: 47%
2025-05-26 15:56:35,201 - web_scanner_bot - INFO - Прогресс scanning: 49%
2025-05-26 15:56:40,609 - web_scanner_bot - INFO - Прогресс scanning: 50%
2025-05-26 15:56:46,318 - web_scanner_bot - INFO - Прогресс scanning: 52%
2025-05-26 15:56:51,631 - web_scanner_bot - INFO - Прогресс scanning: 54%
2025-05-26 15:56:56,774 - web_scanner_bot - INFO - Прогресс scanning: 56%
2025-05-26 15:57:02,527 - web_scanner_bot - INFO - Прогресс scanning: 58%
2025-05-26 15:57:08,756 - web_scanner_bot - INFO - Прогресс scanning: 60%
2025-05-26 15:57:14,282 - web_scanner_bot - INFO - Прогресс scanning: 62%
2025-05-26 15:57:19,785 - web_scanner_bot - INFO - Прогресс scanning: 64%
2025-05-26 15:57:25,488 - web_scanner_bot - INFO - Прогресс scanning: 66%
2025-05-26 15:57:30,703 - web_scanner_bot - INFO - Прогресс scanning: 68%
2025-05-26 15:57:36,354 - web_scanner_bot - INFO - Прогресс scanning: 70%
2025-05-26 15:57:41,785 - web_scanner_bot - INFO - Прогресс scanning: 72%
2025-05-26 15:57:47,508 - web_scanner_bot - INFO - Прогресс scanning: 74%
2025-05-26 15:57:55,461 - web_scanner_bot - INFO - Прогресс scanning: 76%
2025-05-26 15:58:02,971 - web_scanner_bot - INFO - Прогресс scanning: 78%
2025-05-26 15:58:10,292 - web_scanner_bot - INFO - Прогресс scanning: 80%
2025-05-26 15:58:18,097 - web_scanner_bot - INFO - Прогресс scanning: 82%
2025-05-26 15:58:23,453 - web_scanner_bot - INFO - Прогресс scanning: 84%
2025-05-26 15:58:28,702 - web_scanner_bot - INFO - Прогресс scanning: 86%
2025-05-26 15:58:35,976 - web_scanner_bot - INFO - Прогресс scanning: 88%
2025-05-26 15:58:43,216 - web_scanner_bot - INFO - Прогресс scanning: 90%
2025-05-26 15:58:49,939 - web_scanner_bot - INFO - Прогресс scanning: 92%
2025-05-26 15:58:57,239 - web_scanner_bot - INFO - Прогресс scanning: 94%
2025-05-26 15:59:04,049 - web_scanner_bot - INFO - Прогресс scanning: 96%
2025-05-26 15:59:10,899 - web_scanner_bot - INFO - Прогресс scanning: 98%
2025-05-26 15:59:17,804 - web_scanner_bot - INFO - Прогресс scanning: 100%
2025-05-26 15:59:19,833 - web_scanner_bot - INFO - Краулинг и сканирование завершены. Результаты сохранены в ./scan_results/crawler_results_20250526_155917.json и ./scan_results/vulnerability_results_20250526_155917.json
2025-05-26 15:59:19,850 - web_scanner_bot - INFO - Отчет в формате HTML для Obsidian сохранен: reports/scan_sch5-bogorodsk.edumsko.ru_20250526_155919.html
2025-05-26 15:59:19,850 - web_scanner_bot - INFO - Результаты краулинга для https://sch5-bogorodsk.edumsko.ru: страниц: 50, файлов: 262, директорий: 242, уязвимостей: 352
2025-05-26 15:59:19,850 - web_scanner_bot - INFO - Уязвимость #1: high A03_Injection_Command на https://sch5-bogorodsk.edumsko.ru
2025-05-26 15:59:19,850 - web_scanner_bot - INFO - Уязвимость #2: unknown A04_Insecure_Design_Autocomplete_Sensitive на https://sch5-bogorodsk.edumsko.ru
2025-05-26 15:59:19,850 - web_scanner_bot - INFO - Уязвимость #3: unknown A04_Insecure_Design_Potential_Missing_Rate_Limit_Headers на https://sch5-bogorodsk.edumsko.ru
2025-05-26 15:59:19,850 - web_scanner_bot - INFO - Уязвимость #4: medium A05_Missing_Security_Header на https://sch5-bogorodsk.edumsko.ru
2025-05-26 15:59:19,851 - web_scanner_bot - INFO - Уязвимость #5: medium A05_Misconfigured_Security_Header на https://sch5-bogorodsk.edumsko.ru
2025-05-26 15:59:20,306 - web_scanner_bot - INFO - Отправка файла результатов краулинга: ./scan_results/crawler_results_20250526_155917.json
2025-05-26 15:59:21,100 - web_scanner_bot - INFO - Отправка файла результатов сканирования уязвимостей: ./scan_results/vulnerability_results_20250526_155917.json
2025-05-26 15:59:21,648 - web_scanner_bot - INFO - Отправка HTML-отчета для Obsidian: reports/scan_sch5-bogorodsk.edumsko.ru_20250526_155919.html
