2025-05-26 19:26:36,804 - web_scanner_bot - INFO - ===== Веб сканнер с Telegram ботом запущен =====
2025-05-26 19:26:36,805 - web_scanner_bot - INFO - Логи сохраняются в: logs/bot_log_2025-05-26_19-26-36.log
2025-05-26 19:26:37,215 - web_scanner_bot - INFO - Telegram Bot Token: 78009...ZhopI
2025-05-26 19:27:49,979 - web_scanner_bot - INFO - Пользователь 7168936119 (botsma) вызвал команду /brute для https://sch5-bogorodsk.edumsko.ru/adm с логином admin
2025-05-26 19:27:50,463 - web_scanner_bot - INFO - Запуск брутфорса basic для https://sch5-bogorodsk.edumsko.ru/adm
2025-05-26 19:27:50,722 - web_scanner_bot - INFO - Обновлено сообщение с прогрессом: <b>🔑 Прогресс перебора паролей:</b>
Проверено: 0% ...
2025-05-26 19:27:53,004 - web_scanner_bot - INFO - Обновлено сообщение с прогрессом: <b>🔑 Прогресс перебора паролей:</b>
Проверено: 0% ...
2025-05-26 19:27:55,232 - web_scanner_bot - INFO - Обновлено сообщение с прогрессом: <b>🔑 Прогресс перебора паролей:</b>
Проверено: 0% ...
2025-05-26 19:27:57,448 - web_scanner_bot - INFO - Обновлено сообщение с прогрессом: <b>🔑 Прогресс перебора паролей:</b>
Проверено: 0% ...
2025-05-26 19:27:59,671 - web_scanner_bot - INFO - Обновлено сообщение с прогрессом: <b>🔑 Прогресс перебора паролей:</b>
Проверено: 0% ...
2025-05-26 19:28:01,887 - web_scanner_bot - INFO - Обновлено сообщение с прогрессом: <b>🔑 Прогресс перебора паролей:</b>
Проверено: 0% ...
2025-05-26 19:28:04,124 - web_scanner_bot - INFO - Обновлено сообщение с прогрессом: <b>🔑 Прогресс перебора паролей:</b>
Проверено: 0% ...
2025-05-26 19:28:06,441 - web_scanner_bot - INFO - Обновлено сообщение с прогрессом: <b>🔑 Прогресс перебора паролей:</b>
Проверено: 0% ...
2025-05-26 19:28:08,664 - web_scanner_bot - INFO - Обновлено сообщение с прогрессом: <b>🔑 Прогресс перебора паролей:</b>
Проверено: 0% ...
2025-05-26 19:28:10,882 - web_scanner_bot - INFO - Обновлено сообщение с прогрессом: <b>🔑 Прогресс перебора паролей:</b>
Проверено: 0% ...
2025-05-26 19:28:13,103 - web_scanner_bot - INFO - Обновлено сообщение с прогрессом: <b>🔑 Прогресс перебора паролей:</b>
Проверено: 0% ...
2025-05-26 19:28:15,325 - web_scanner_bot - INFO - Обновлено сообщение с прогрессом: <b>🔑 Прогресс перебора паролей:</b>
Проверено: 0% ...
2025-05-26 19:28:17,548 - web_scanner_bot - INFO - Обновлено сообщение с прогрессом: <b>🔑 Прогресс перебора паролей:</b>
Проверено: 0% ...
2025-05-26 19:28:19,771 - web_scanner_bot - INFO - Обновлено сообщение с прогрессом: <b>🔑 Прогресс перебора паролей:</b>
Проверено: 0% ...
2025-05-26 19:28:22,032 - web_scanner_bot - INFO - Обновлено сообщение с прогрессом: <b>🔑 Прогресс перебора паролей:</b>
Проверено: 0% ...
2025-05-26 19:28:24,298 - web_scanner_bot - INFO - Обновлено сообщение с прогрессом: <b>🔑 Прогресс перебора паролей:</b>
Проверено: 0% ...
2025-05-26 19:28:26,526 - web_scanner_bot - INFO - Обновлено сообщение с прогрессом: <b>🔑 Прогресс перебора паролей:</b>
Проверено: 0% ...
2025-05-26 19:28:28,735 - web_scanner_bot - INFO - Обновлено сообщение с прогрессом: <b>🔑 Прогресс перебора паролей:</b>
Проверено: 0% ...
2025-05-26 19:28:30,958 - web_scanner_bot - INFO - Обновлено сообщение с прогрессом: <b>🔑 Прогресс перебора паролей:</b>
Проверено: 0% ...
2025-05-26 19:28:33,183 - web_scanner_bot - INFO - Обновлено сообщение с прогрессом: <b>🔑 Прогресс перебора паролей:</b>
Проверено: 0% ...
2025-05-26 19:28:35,417 - web_scanner_bot - INFO - Обновлено сообщение с прогрессом: <b>🔑 Прогресс перебора паролей:</b>
Проверено: 0% ...
2025-05-26 19:28:37,643 - web_scanner_bot - INFO - Обновлено сообщение с прогрессом: <b>🔑 Прогресс перебора паролей:</b>
Проверено: 0% ...
2025-05-26 19:28:39,868 - web_scanner_bot - INFO - Обновлено сообщение с прогрессом: <b>🔑 Прогресс перебора паролей:</b>
Проверено: 0% ...
2025-05-26 19:28:42,098 - web_scanner_bot - INFO - Обновлено сообщение с прогрессом: <b>🔑 Прогресс перебора паролей:</b>
Проверено: 0% ...
2025-05-26 19:28:44,313 - web_scanner_bot - INFO - Обновлено сообщение с прогрессом: <b>🔑 Прогресс перебора паролей:</b>
Проверено: 0% ...
2025-05-26 19:28:46,581 - web_scanner_bot - INFO - Обновлено сообщение с прогрессом: <b>🔑 Прогресс перебора паролей:</b>
Проверено: 0% ...
2025-05-26 19:28:48,791 - web_scanner_bot - INFO - Обновлено сообщение с прогрессом: <b>🔑 Прогресс перебора паролей:</b>
Проверено: 0% ...
2025-05-26 19:28:51,033 - web_scanner_bot - INFO - Обновлено сообщение с прогрессом: <b>🔑 Прогресс перебора паролей:</b>
Проверено: 0% ...
2025-05-26 19:28:53,258 - web_scanner_bot - INFO - Обновлено сообщение с прогрессом: <b>🔑 Прогресс перебора паролей:</b>
Проверено: 0% ...
2025-05-26 19:28:55,512 - web_scanner_bot - INFO - Обновлено сообщение с прогрессом: <b>🔑 Прогресс перебора паролей:</b>
Проверено: 0% ...
2025-05-26 19:28:57,774 - web_scanner_bot - INFO - Обновлено сообщение с прогрессом: <b>🔑 Прогресс перебора паролей:</b>
Проверено: 0% ...
2025-05-26 19:29:00,009 - web_scanner_bot - INFO - Обновлено сообщение с прогрессом: <b>🔑 Прогресс перебора паролей:</b>
Проверено: 0% ...
2025-05-26 19:29:02,221 - web_scanner_bot - INFO - Обновлено сообщение с прогрессом: <b>🔑 Прогресс перебора паролей:</b>
Проверено: 0% ...
2025-05-26 19:29:04,459 - web_scanner_bot - INFO - Обновлено сообщение с прогрессом: <b>🔑 Прогресс перебора паролей:</b>
Проверено: 0% ...
2025-05-26 19:29:06,670 - web_scanner_bot - INFO - Обновлено сообщение с прогрессом: <b>🔑 Прогресс перебора паролей:</b>
Проверено: 0% ...
2025-05-26 19:29:08,883 - web_scanner_bot - INFO - Обновлено сообщение с прогрессом: <b>🔑 Прогресс перебора паролей:</b>
Проверено: 0% ...
2025-05-26 19:29:11,096 - web_scanner_bot - INFO - Обновлено сообщение с прогрессом: <b>🔑 Прогресс перебора паролей:</b>
Проверено: 0% ...
2025-05-26 19:29:13,320 - web_scanner_bot - INFO - Обновлено сообщение с прогрессом: <b>🔑 Прогресс перебора паролей:</b>
Проверено: 0% ...
2025-05-26 19:29:15,570 - web_scanner_bot - INFO - Обновлено сообщение с прогрессом: <b>🔑 Прогресс перебора паролей:</b>
Проверено: 0% ...
2025-05-26 19:29:17,657 - web_scanner_bot - INFO - Обновлено сообщение с прогрессом: <b>🔑 Прогресс перебора паролей:</b>
Проверено: 0% ...
2025-05-26 19:29:19,889 - web_scanner_bot - INFO - Обновлено сообщение с прогрессом: <b>🔑 Прогресс перебора паролей:</b>
Проверено: 0% ...
2025-05-26 19:29:22,114 - web_scanner_bot - INFO - Обновлено сообщение с прогрессом: <b>🔑 Прогресс перебора паролей:</b>
Проверено: 0% ...
2025-05-26 19:29:24,324 - web_scanner_bot - INFO - Обновлено сообщение с прогрессом: <b>🔑 Прогресс перебора паролей:</b>
Проверено: 0% ...
2025-05-26 19:29:26,551 - web_scanner_bot - INFO - Обновлено сообщение с прогрессом: <b>🔑 Прогресс перебора паролей:</b>
Проверено: 0% ...
2025-05-26 19:29:28,763 - web_scanner_bot - INFO - Обновлено сообщение с прогрессом: <b>🔑 Прогресс перебора паролей:</b>
Проверено: 0% ...
2025-05-26 19:29:30,990 - web_scanner_bot - INFO - Обновлено сообщение с прогрессом: <b>🔑 Прогресс перебора паролей:</b>
Проверено: 0% ...
2025-05-26 19:29:33,211 - web_scanner_bot - INFO - Обновлено сообщение с прогрессом: <b>🔑 Прогресс перебора паролей:</b>
Проверено: 0% ...
2025-05-26 19:29:35,425 - web_scanner_bot - INFO - Обновлено сообщение с прогрессом: <b>🔑 Прогресс перебора паролей:</b>
Проверено: 0% ...
2025-05-26 19:29:37,961 - web_scanner_bot - INFO - Обновлено сообщение с прогрессом: <b>🔑 Прогресс перебора паролей:</b>
Проверено: 0% ...
2025-05-26 19:30:25,830 - web_scanner_bot - INFO - Обновлено сообщение с прогрессом: <b>🔑 Прогресс перебора паролей:</b>
Проверено: 0% ...
2025-05-26 19:30:29,118 - web_scanner_bot - INFO - Обновлено сообщение с прогрессом: <b>🔑 Прогресс перебора паролей:</b>
Проверено: 0% ...
2025-05-26 19:30:31,165 - web_scanner_bot - INFO - Обновлено сообщение с прогрессом: <b>🔑 Прогресс перебора паролей:</b>
Проверено: 0% ...
2025-05-26 19:30:33,410 - web_scanner_bot - INFO - Обновлено сообщение с прогрессом: <b>🔑 Прогресс перебора паролей:</b>
Проверено: 0% ...
2025-05-26 19:30:35,681 - web_scanner_bot - INFO - Обновлено сообщение с прогрессом: <b>🔑 Прогресс перебора паролей:</b>
Проверено: 0% ...
2025-05-26 19:30:38,204 - web_scanner_bot - INFO - Обновлено сообщение с прогрессом: <b>🔑 Прогресс перебора паролей:</b>
Проверено: 0% ...
2025-05-26 19:30:40,812 - web_scanner_bot - INFO - Обновлено сообщение с прогрессом: <b>🔑 Прогресс перебора паролей:</b>
Проверено: 0% ...
2025-05-26 19:30:43,034 - web_scanner_bot - INFO - Обновлено сообщение с прогрессом: <b>🔑 Прогресс перебора паролей:</b>
Проверено: 0% ...
2025-05-26 19:30:45,280 - web_scanner_bot - INFO - Обновлено сообщение с прогрессом: <b>🔑 Прогресс перебора паролей:</b>
Проверено: 0% ...
2025-05-26 19:30:47,493 - web_scanner_bot - INFO - Обновлено сообщение с прогрессом: <b>🔑 Прогресс перебора паролей:</b>
Проверено: 0% ...
2025-05-26 19:30:50,420 - web_scanner_bot - INFO - Обновлено сообщение с прогрессом: <b>🔑 Прогресс перебора паролей:</b>
Проверено: 0% ...
2025-05-26 19:30:54,201 - web_scanner_bot - INFO - Обновлено сообщение с прогрессом: <b>🔑 Прогресс перебора паролей:</b>
Проверено: 0% ...
2025-05-26 19:30:56,444 - web_scanner_bot - INFO - Обновлено сообщение с прогрессом: <b>🔑 Прогресс перебора паролей:</b>
Проверено: 0% ...
2025-05-26 19:30:58,684 - web_scanner_bot - INFO - Обновлено сообщение с прогрессом: <b>🔑 Прогресс перебора паролей:</b>
Проверено: 0% ...
2025-05-26 19:33:56,414 - web_scanner_bot - INFO - Обновлено сообщение с прогрессом: <b>🔑 Прогресс перебора паролей:</b>
Проверено: 0% ...
2025-05-26 19:34:00,463 - web_scanner_bot - INFO - Обновлено сообщение с прогрессом: <b>🔑 Прогресс перебора паролей:</b>
Проверено: 0% ...
2025-05-26 19:34:02,760 - web_scanner_bot - INFO - Обновлено сообщение с прогрессом: <b>🔑 Прогресс перебора паролей:</b>
Проверено: 0% ...
2025-05-26 19:34:04,986 - web_scanner_bot - INFO - Обновлено сообщение с прогрессом: <b>🔑 Прогресс перебора паролей:</b>
Проверено: 0% ...
2025-05-26 19:34:07,236 - web_scanner_bot - INFO - Обновлено сообщение с прогрессом: <b>🔑 Прогресс перебора паролей:</b>
Проверено: 0% ...
