2025-05-26 20:50:21,816 - web_scanner_bot - INFO - ===== Веб сканнер с Telegram ботом запущен =====
2025-05-26 20:50:21,817 - web_scanner_bot - INFO - Логи сохраняются в: logs/bot_log_2025-05-26_20-50-21.log
2025-05-26 20:50:22,301 - web_scanner_bot - INFO - Telegram Bot Token: 78009...ZhopI
2025-05-26 20:50:46,214 - web_scanner_bot - INFO - Пользователь 7168936119 (botsma) вызвал команду /exp для https://isu.ru/
2025-05-26 20:50:46,717 - web_scanner_bot - INFO - Начало эксплуатации уязвимостей для URL: https://isu.ru/
2025-05-26 20:51:02,724 - web_scanner_bot - INFO - Эксплуатация уязвимостей для URL https://isu.ru/ завершена
2025-05-26 20:51:03,586 - web_scanner_bot - INFO - HTML-отчет сохранен в reports/isu.ru_20250526_205102.html и отправлен пользователю
2025-05-26 20:52:18,638 - web_scanner_bot - INFO - Пользователь 7168936119 (botsma) вызвал команду /vuln для 194.190.238.182 с портами 21-23,25,53,80,110,111,135,139,143,443,445,993,995,1723,3306,3389,5900,8080,8443
2025-05-26 21:02:20,004 - web_scanner_bot - WARNING - Сканирование для 194.190.238.182 прервано по таймауту
2025-05-26 21:03:10,135 - web_scanner_bot - INFO - Пользователь 7168936119 (botsma) вызвал команду /scan для 194.190.238.182
2025-05-26 21:03:10,514 - web_scanner_bot - INFO - Начало сканирования URL: 194.190.238.182
2025-05-26 21:03:10,514 - web_scanner_bot - INFO - Запуск сканирования для 194.190.238.182 (режим эксплойта: False)
2025-05-26 21:03:10,514 - web_scanner_bot - INFO - Отправка HTTP запроса на 194.190.238.182
2025-05-26 21:03:10,515 - web_scanner_bot - ERROR - Ошибка при сканировании 194.190.238.182: Invalid URL '194.190.238.182': No scheme supplied. Perhaps you meant https://194.190.238.182?
2025-05-26 21:03:10,562 - web_scanner_bot - ERROR - Трассировка ошибки:
Traceback (most recent call last):
  File "/Users/x/Desktop/веб сканнер /bot/bot.py", line 185, in full_scan_pipeline
    response = requests.get(target_url, timeout=10)
  File "/Library/Frameworks/Python.framework/Versions/3.13/lib/python3.13/site-packages/requests/api.py", line 73, in get
    return request("get", url, params=params, **kwargs)
  File "/Library/Frameworks/Python.framework/Versions/3.13/lib/python3.13/site-packages/requests/api.py", line 59, in request
    return session.request(method=method, url=url, **kwargs)
           ~~~~~~~~~~~~~~~^^^^^^^^^^^^^^^^^^^^^^^^^^^^^^^^^^
  File "/Library/Frameworks/Python.framework/Versions/3.13/lib/python3.13/site-packages/requests/sessions.py", line 575, in request
    prep = self.prepare_request(req)
  File "/Library/Frameworks/Python.framework/Versions/3.13/lib/python3.13/site-packages/requests/sessions.py", line 484, in prepare_request
    p.prepare(
    ~~~~~~~~~^
        method=request.method.upper(),
        ^^^^^^^^^^^^^^^^^^^^^^^^^^^^^^
    ...<10 lines>...
        hooks=merge_hooks(request.hooks, self.hooks),
        ^^^^^^^^^^^^^^^^^^^^^^^^^^^^^^^^^^^^^^^^^^^^^
    )
    ^
  File "/Library/Frameworks/Python.framework/Versions/3.13/lib/python3.13/site-packages/requests/models.py", line 367, in prepare
    self.prepare_url(url, params)
    ~~~~~~~~~~~~~~~~^^^^^^^^^^^^^
  File "/Library/Frameworks/Python.framework/Versions/3.13/lib/python3.13/site-packages/requests/models.py", line 438, in prepare_url
    raise MissingSchema(
    ...<2 lines>...
    )
requests.exceptions.MissingSchema: Invalid URL '194.190.238.182': No scheme supplied. Perhaps you meant https://194.190.238.182?

2025-05-26 21:03:10,563 - web_scanner_bot - INFO - Сканирование URL 194.190.238.182 завершено, найдено уязвимостей: 0
2025-05-26 21:03:10,565 - web_scanner_bot - INFO - Отчет в формате HTML для Obsidian сохранен: reports/scan_194.190.238.182_20250526_210310.html
2025-05-26 21:03:41,050 - web_scanner_bot - INFO - Пользователь 7168936119 (botsma) вызвал команду /crawl для https://isu.ru/ с max_urls=100, max_depth=4
2025-05-26 21:03:41,464 - web_scanner_bot - INFO - Запуск веб-краулера для URL: https://isu.ru/
2025-05-26 21:03:41,945 - web_scanner_bot - INFO - Прогресс crawling: 1%
2025-05-26 21:03:44,521 - web_scanner_bot - INFO - Прогресс crawling: 2%
2025-05-26 21:03:44,521 - web_scanner_bot - INFO - Прогресс crawling: 3%
2025-05-26 21:03:44,522 - web_scanner_bot - INFO - Прогресс crawling: 4%
2025-05-26 21:03:44,522 - web_scanner_bot - INFO - Прогресс crawling: 5%
2025-05-26 21:03:44,522 - web_scanner_bot - INFO - Прогресс crawling: 6%
2025-05-26 21:03:47,406 - web_scanner_bot - INFO - Прогресс crawling: 7%
2025-05-26 21:03:47,406 - web_scanner_bot - INFO - Прогресс crawling: 8%
2025-05-26 21:03:47,407 - web_scanner_bot - INFO - Прогресс crawling: 9%
2025-05-26 21:03:47,407 - web_scanner_bot - INFO - Прогресс crawling: 10%
2025-05-26 21:03:47,407 - web_scanner_bot - INFO - Прогресс crawling: 11%
2025-05-26 21:03:48,812 - web_scanner_bot - INFO - Прогресс crawling: 12%
2025-05-26 21:03:48,812 - web_scanner_bot - INFO - Прогресс crawling: 13%
2025-05-26 21:03:48,812 - web_scanner_bot - INFO - Прогресс crawling: 14%
2025-05-26 21:03:48,813 - web_scanner_bot - INFO - Прогресс crawling: 15%
2025-05-26 21:03:48,813 - web_scanner_bot - INFO - Прогресс crawling: 16%
2025-05-26 21:03:50,184 - web_scanner_bot - INFO - Прогресс crawling: 17%
2025-05-26 21:03:50,184 - web_scanner_bot - INFO - Прогресс crawling: 18%
2025-05-26 21:03:50,185 - web_scanner_bot - INFO - Прогресс crawling: 19%
2025-05-26 21:03:50,185 - web_scanner_bot - INFO - Прогресс crawling: 20%
2025-05-26 21:03:50,185 - web_scanner_bot - INFO - Прогресс crawling: 21%
2025-05-26 21:03:52,336 - web_scanner_bot - INFO - Прогресс crawling: 22%
2025-05-26 21:03:52,337 - web_scanner_bot - INFO - Прогресс crawling: 23%
2025-05-26 21:03:52,338 - web_scanner_bot - INFO - Прогресс crawling: 24%
2025-05-26 21:03:52,338 - web_scanner_bot - INFO - Прогресс crawling: 25%
2025-05-26 21:03:52,339 - web_scanner_bot - INFO - Прогресс crawling: 26%
2025-05-26 21:03:58,772 - web_scanner_bot - INFO - Прогресс crawling: 27%
2025-05-26 21:03:58,773 - web_scanner_bot - INFO - Прогресс crawling: 28%
2025-05-26 21:03:58,773 - web_scanner_bot - INFO - Прогресс crawling: 28%
2025-05-26 21:03:58,774 - web_scanner_bot - INFO - Прогресс crawling: 30%
2025-05-26 21:03:58,775 - web_scanner_bot - INFO - Прогресс crawling: 31%
2025-05-26 21:04:01,808 - web_scanner_bot - INFO - Прогресс crawling: 32%
2025-05-26 21:04:01,815 - web_scanner_bot - INFO - Прогресс crawling: 33%
2025-05-26 21:04:01,819 - web_scanner_bot - INFO - Прогресс crawling: 34%
2025-05-26 21:04:01,824 - web_scanner_bot - INFO - Прогресс crawling: 35%
2025-05-26 21:04:01,849 - web_scanner_bot - INFO - Прогресс crawling: 36%
2025-05-26 21:04:04,065 - web_scanner_bot - INFO - Прогресс crawling: 37%
2025-05-26 21:04:04,066 - web_scanner_bot - INFO - Прогресс crawling: 38%
2025-05-26 21:04:04,067 - web_scanner_bot - INFO - Прогресс crawling: 39%
2025-05-26 21:04:04,068 - web_scanner_bot - INFO - Прогресс crawling: 40%
2025-05-26 21:04:04,069 - web_scanner_bot - INFO - Прогресс crawling: 41%
2025-05-26 21:04:07,476 - web_scanner_bot - INFO - Прогресс crawling: 42%
2025-05-26 21:04:07,477 - web_scanner_bot - INFO - Прогресс crawling: 43%
2025-05-26 21:04:07,478 - web_scanner_bot - INFO - Прогресс crawling: 44%
2025-05-26 21:04:07,479 - web_scanner_bot - INFO - Прогресс crawling: 45%
2025-05-26 21:04:07,479 - web_scanner_bot - INFO - Прогресс crawling: 46%
2025-05-26 21:04:09,383 - web_scanner_bot - INFO - Прогресс crawling: 47%
2025-05-26 21:04:09,383 - web_scanner_bot - INFO - Прогресс crawling: 48%
2025-05-26 21:04:09,383 - web_scanner_bot - INFO - Прогресс crawling: 49%
2025-05-26 21:04:09,384 - web_scanner_bot - INFO - Прогресс crawling: 50%
2025-05-26 21:04:09,384 - web_scanner_bot - INFO - Прогресс crawling: 51%
2025-05-26 21:04:11,748 - web_scanner_bot - INFO - Прогресс crawling: 52%
2025-05-26 21:04:11,748 - web_scanner_bot - INFO - Прогресс crawling: 53%
2025-05-26 21:04:11,749 - web_scanner_bot - INFO - Прогресс crawling: 54%
2025-05-26 21:04:11,749 - web_scanner_bot - INFO - Прогресс crawling: 55%
2025-05-26 21:04:11,750 - web_scanner_bot - INFO - Прогресс crawling: 56%
2025-05-26 21:04:14,634 - web_scanner_bot - INFO - Прогресс crawling: 56%
2025-05-26 21:04:14,634 - web_scanner_bot - INFO - Прогресс crawling: 57%
2025-05-26 21:04:14,634 - web_scanner_bot - INFO - Прогресс crawling: 59%
2025-05-26 21:04:14,635 - web_scanner_bot - INFO - Прогресс crawling: 60%
2025-05-26 21:04:14,635 - web_scanner_bot - INFO - Прогресс crawling: 61%
2025-05-26 21:04:16,619 - web_scanner_bot - INFO - Прогресс crawling: 62%
2025-05-26 21:04:16,619 - web_scanner_bot - INFO - Прогресс crawling: 63%
2025-05-26 21:04:16,620 - web_scanner_bot - INFO - Прогресс crawling: 64%
2025-05-26 21:04:16,620 - web_scanner_bot - INFO - Прогресс crawling: 65%
2025-05-26 21:04:16,620 - web_scanner_bot - INFO - Прогресс crawling: 66%
2025-05-26 21:04:18,166 - web_scanner_bot - INFO - Прогресс crawling: 67%
2025-05-26 21:04:18,167 - web_scanner_bot - INFO - Прогресс crawling: 68%
2025-05-26 21:04:18,167 - web_scanner_bot - INFO - Прогресс crawling: 69%
2025-05-26 21:04:18,167 - web_scanner_bot - INFO - Прогресс crawling: 70%
2025-05-26 21:04:18,167 - web_scanner_bot - INFO - Прогресс crawling: 71%
2025-05-26 21:04:20,377 - web_scanner_bot - INFO - Прогресс crawling: 72%
2025-05-26 21:04:20,377 - web_scanner_bot - INFO - Прогресс crawling: 73%
2025-05-26 21:04:20,378 - web_scanner_bot - INFO - Прогресс crawling: 74%
2025-05-26 21:04:20,378 - web_scanner_bot - INFO - Прогресс crawling: 75%
2025-05-26 21:04:20,378 - web_scanner_bot - INFO - Прогресс crawling: 76%
2025-05-26 21:04:22,033 - web_scanner_bot - INFO - Прогресс crawling: 77%
2025-05-26 21:04:22,033 - web_scanner_bot - INFO - Прогресс crawling: 78%
2025-05-26 21:04:22,033 - web_scanner_bot - INFO - Прогресс crawling: 79%
2025-05-26 21:04:22,034 - web_scanner_bot - INFO - Прогресс crawling: 80%
2025-05-26 21:04:22,034 - web_scanner_bot - INFO - Прогресс crawling: 81%
2025-05-26 21:04:23,680 - web_scanner_bot - INFO - Прогресс crawling: 82%
2025-05-26 21:04:23,680 - web_scanner_bot - INFO - Прогресс crawling: 83%
2025-05-26 21:04:23,680 - web_scanner_bot - INFO - Прогресс crawling: 84%
2025-05-26 21:04:23,681 - web_scanner_bot - INFO - Прогресс crawling: 85%
2025-05-26 21:04:23,681 - web_scanner_bot - INFO - Прогресс crawling: 86%
2025-05-26 21:04:25,210 - web_scanner_bot - INFO - Прогресс crawling: 87%
2025-05-26 21:04:25,210 - web_scanner_bot - INFO - Прогресс crawling: 88%
2025-05-26 21:04:25,210 - web_scanner_bot - INFO - Прогресс crawling: 89%
2025-05-26 21:04:25,211 - web_scanner_bot - INFO - Прогресс crawling: 90%
2025-05-26 21:04:25,211 - web_scanner_bot - INFO - Прогресс crawling: 91%
2025-05-26 21:04:28,646 - web_scanner_bot - INFO - Прогресс crawling: 92%
2025-05-26 21:04:28,646 - web_scanner_bot - INFO - Прогресс crawling: 93%
2025-05-26 21:04:28,647 - web_scanner_bot - INFO - Прогресс crawling: 94%
2025-05-26 21:04:28,647 - web_scanner_bot - INFO - Прогресс crawling: 95%
2025-05-26 21:04:28,648 - web_scanner_bot - INFO - Прогресс crawling: 96%
2025-05-26 21:04:35,376 - web_scanner_bot - INFO - Прогресс crawling: 97%
2025-05-26 21:04:35,376 - web_scanner_bot - INFO - Прогресс crawling: 98%
2025-05-26 21:04:35,376 - web_scanner_bot - INFO - Прогресс crawling: 99%
2025-05-26 21:04:35,376 - web_scanner_bot - INFO - Прогресс crawling: 100%
2025-05-26 21:04:35,376 - web_scanner_bot - INFO - Прогресс crawling: 100%
2025-05-26 21:04:51,712 - web_scanner_bot - INFO - Прогресс crawling: 100%
2025-05-26 21:04:51,714 - web_scanner_bot - INFO - Прогресс scanning: 0%
2025-05-26 21:05:05,483 - web_scanner_bot - INFO - Прогресс scanning: 1%
2025-05-26 21:05:11,727 - web_scanner_bot - INFO - Прогресс scanning: 2%
2025-05-26 21:05:18,982 - web_scanner_bot - INFO - Прогресс scanning: 3%
2025-05-26 21:05:23,894 - web_scanner_bot - INFO - Прогресс scanning: 4%
2025-05-26 21:05:36,490 - web_scanner_bot - INFO - Прогресс scanning: 5%
2025-05-26 21:05:50,066 - web_scanner_bot - INFO - Прогресс scanning: 6%
2025-05-26 21:05:56,306 - web_scanner_bot - INFO - Прогресс scanning: 7%
2025-05-26 21:06:01,155 - web_scanner_bot - INFO - Прогресс scanning: 8%
2025-05-26 21:06:07,250 - web_scanner_bot - INFO - Прогресс scanning: 9%
2025-05-26 21:06:13,703 - web_scanner_bot - INFO - Прогресс scanning: 10%
2025-05-26 21:06:20,760 - web_scanner_bot - INFO - Прогресс scanning: 11%
2025-05-26 21:06:29,314 - web_scanner_bot - INFO - Прогресс scanning: 12%
2025-05-26 21:06:37,530 - web_scanner_bot - INFO - Прогресс scanning: 13%
2025-05-26 21:06:44,792 - web_scanner_bot - INFO - Прогресс scanning: 14%
2025-05-26 21:06:50,176 - web_scanner_bot - INFO - Прогресс scanning: 15%
2025-05-26 21:06:55,792 - web_scanner_bot - INFO - Прогресс scanning: 16%
2025-05-26 21:07:00,690 - web_scanner_bot - INFO - Прогресс scanning: 17%
2025-05-26 21:07:07,136 - web_scanner_bot - INFO - Прогресс scanning: 18%
2025-05-26 21:07:15,206 - web_scanner_bot - INFO - Прогресс scanning: 19%
2025-05-26 21:07:20,879 - web_scanner_bot - INFO - Прогресс scanning: 20%
2025-05-26 21:07:27,587 - web_scanner_bot - INFO - Прогресс scanning: 21%
2025-05-26 21:07:33,795 - web_scanner_bot - INFO - Прогресс scanning: 22%
2025-05-26 21:07:41,736 - web_scanner_bot - INFO - Прогресс scanning: 23%
2025-05-26 21:07:46,871 - web_scanner_bot - INFO - Прогресс scanning: 24%
2025-05-26 21:08:14,559 - web_scanner_bot - INFO - Прогресс scanning: 25%
2025-05-26 21:08:19,618 - web_scanner_bot - INFO - Прогресс scanning: 26%
2025-05-26 21:08:24,332 - web_scanner_bot - INFO - Прогресс scanning: 27%
2025-05-26 21:08:29,623 - web_scanner_bot - INFO - Прогресс scanning: 28%
2025-05-26 21:08:34,345 - web_scanner_bot - INFO - Прогресс scanning: 29%
2025-05-26 21:08:39,463 - web_scanner_bot - INFO - Прогресс scanning: 30%
2025-05-26 21:08:44,301 - web_scanner_bot - INFO - Прогресс scanning: 31%
2025-05-26 21:08:49,123 - web_scanner_bot - INFO - Прогресс scanning: 32%
2025-05-26 21:08:53,951 - web_scanner_bot - INFO - Прогресс scanning: 33%
2025-05-26 21:08:58,622 - web_scanner_bot - INFO - Прогресс scanning: 34%
2025-05-26 21:09:03,562 - web_scanner_bot - INFO - Прогресс scanning: 35%
2025-05-26 21:09:08,372 - web_scanner_bot - INFO - Прогресс scanning: 36%
2025-05-26 21:09:13,566 - web_scanner_bot - INFO - Прогресс scanning: 37%
2025-05-26 21:09:18,938 - web_scanner_bot - INFO - Прогресс scanning: 38%
2025-05-26 21:09:25,038 - web_scanner_bot - INFO - Прогресс scanning: 39%
2025-05-26 21:09:32,256 - web_scanner_bot - INFO - Прогресс scanning: 40%
2025-05-26 21:09:36,908 - web_scanner_bot - INFO - Прогресс scanning: 41%
2025-05-26 21:09:42,383 - web_scanner_bot - INFO - Прогресс scanning: 42%
2025-05-26 21:09:47,517 - web_scanner_bot - INFO - Прогресс scanning: 43%
2025-05-26 21:09:53,125 - web_scanner_bot - INFO - Прогресс scanning: 44%
2025-05-26 21:09:59,148 - web_scanner_bot - INFO - Прогресс scanning: 45%
2025-05-26 21:10:04,207 - web_scanner_bot - INFO - Прогресс scanning: 46%
2025-05-26 21:10:08,811 - web_scanner_bot - INFO - Прогресс scanning: 47%
2025-05-26 21:10:13,719 - web_scanner_bot - INFO - Прогресс scanning: 48%
2025-05-26 21:10:19,282 - web_scanner_bot - INFO - Прогресс scanning: 49%
2025-05-26 21:10:25,034 - web_scanner_bot - INFO - Прогресс scanning: 50%
2025-05-26 21:10:30,300 - web_scanner_bot - INFO - Прогресс scanning: 51%
2025-05-26 21:10:35,561 - web_scanner_bot - INFO - Прогресс scanning: 52%
2025-05-26 21:10:40,791 - web_scanner_bot - INFO - Прогресс scanning: 53%
2025-05-26 21:10:48,798 - web_scanner_bot - INFO - Прогресс scanning: 54%
2025-05-26 21:10:57,585 - web_scanner_bot - INFO - Прогресс scanning: 55%
2025-05-26 21:11:02,434 - web_scanner_bot - INFO - Прогресс scanning: 56%
2025-05-26 21:11:07,387 - web_scanner_bot - INFO - Прогресс scanning: 57%
2025-05-26 21:11:12,700 - web_scanner_bot - INFO - Прогресс scanning: 58%
2025-05-26 21:11:19,123 - web_scanner_bot - INFO - Прогресс scanning: 59%
2025-05-26 21:11:27,493 - web_scanner_bot - INFO - Прогресс scanning: 60%
2025-05-26 21:11:34,477 - web_scanner_bot - INFO - Прогресс scanning: 61%
2025-05-26 21:11:41,457 - web_scanner_bot - INFO - Прогресс scanning: 62%
2025-05-26 21:11:47,794 - web_scanner_bot - INFO - Прогресс scanning: 63%
2025-05-26 21:11:54,164 - web_scanner_bot - INFO - Прогресс scanning: 64%
2025-05-26 21:12:02,672 - web_scanner_bot - INFO - Прогресс scanning: 65%
2025-05-26 21:12:13,337 - web_scanner_bot - INFO - Прогресс scanning: 66%
2025-05-26 21:12:20,528 - web_scanner_bot - INFO - Прогресс scanning: 67%
2025-05-26 21:12:25,931 - web_scanner_bot - INFO - Прогресс scanning: 68%
2025-05-26 21:12:34,110 - web_scanner_bot - INFO - Прогресс scanning: 69%
2025-05-26 21:12:44,760 - web_scanner_bot - INFO - Прогресс scanning: 70%
2025-05-26 21:12:50,380 - web_scanner_bot - INFO - Прогресс scanning: 71%
2025-05-26 21:12:56,051 - web_scanner_bot - INFO - Прогресс scanning: 72%
2025-05-26 21:13:01,244 - web_scanner_bot - INFO - Прогресс scanning: 73%
2025-05-26 21:13:07,924 - web_scanner_bot - INFO - Прогресс scanning: 74%
2025-05-26 21:13:15,286 - web_scanner_bot - INFO - Прогресс scanning: 75%
2025-05-26 21:13:22,182 - web_scanner_bot - INFO - Прогресс scanning: 76%
2025-05-26 21:13:28,963 - web_scanner_bot - INFO - Прогресс scanning: 77%
2025-05-26 21:13:35,845 - web_scanner_bot - INFO - Прогресс scanning: 78%
2025-05-26 21:13:42,660 - web_scanner_bot - INFO - Прогресс scanning: 79%
2025-05-26 21:13:49,542 - web_scanner_bot - INFO - Прогресс scanning: 80%
2025-05-26 21:13:56,276 - web_scanner_bot - INFO - Прогресс scanning: 81%
2025-05-26 21:14:03,370 - web_scanner_bot - INFO - Прогресс scanning: 82%
2025-05-26 21:14:11,588 - web_scanner_bot - INFO - Прогресс scanning: 83%
2025-05-26 21:14:18,414 - web_scanner_bot - INFO - Прогресс scanning: 84%
2025-05-26 21:14:25,228 - web_scanner_bot - INFO - Прогресс scanning: 85%
2025-05-26 21:14:32,075 - web_scanner_bot - INFO - Прогресс scanning: 86%
2025-05-26 21:14:38,817 - web_scanner_bot - INFO - Прогресс scanning: 87%
2025-05-26 21:14:46,367 - web_scanner_bot - INFO - Прогресс scanning: 88%
2025-05-26 21:14:55,261 - web_scanner_bot - INFO - Прогресс scanning: 89%
2025-05-26 21:15:03,180 - web_scanner_bot - INFO - Прогресс scanning: 90%
2025-05-26 21:15:10,431 - web_scanner_bot - INFO - Прогресс scanning: 91%
2025-05-26 21:15:17,307 - web_scanner_bot - INFO - Прогресс scanning: 92%
2025-05-26 21:15:24,420 - web_scanner_bot - INFO - Прогресс scanning: 93%
2025-05-26 21:15:31,434 - web_scanner_bot - INFO - Прогресс scanning: 94%
2025-05-26 21:15:40,287 - web_scanner_bot - INFO - Прогресс scanning: 95%
2025-05-26 21:15:47,023 - web_scanner_bot - INFO - Прогресс scanning: 96%
2025-05-26 21:15:54,106 - web_scanner_bot - INFO - Прогресс scanning: 97%
2025-05-26 21:16:01,219 - web_scanner_bot - INFO - Прогресс scanning: 98%
2025-05-26 21:16:10,281 - web_scanner_bot - INFO - Прогресс scanning: 99%
2025-05-26 21:16:19,211 - web_scanner_bot - INFO - Прогресс scanning: 100%
2025-05-26 21:16:21,257 - web_scanner_bot - INFO - Краулинг и сканирование завершены. Результаты сохранены в ./scan_results/crawler_results_20250526_211619.json и ./scan_results/vulnerability_results_20250526_211619.json
2025-05-26 21:16:21,284 - web_scanner_bot - INFO - Отчет в формате HTML для Obsidian сохранен: reports/scan_isu.ru__20250526_211621.html
2025-05-26 21:16:21,285 - web_scanner_bot - INFO - Результаты краулинга для https://isu.ru/: страниц: 100, файлов: 902, директорий: 867, уязвимостей: 521
2025-05-26 21:16:21,285 - web_scanner_bot - INFO - Уязвимость #1: high A03_Injection_Command на https://isu.ru/
2025-05-26 21:16:21,285 - web_scanner_bot - INFO - Уязвимость #2: medium A05_Missing_Security_Header на https://isu.ru/
2025-05-26 21:16:21,286 - web_scanner_bot - INFO - Уязвимость #3: low A05_Misconfigured_Security_Header на https://isu.ru/
2025-05-26 21:16:21,286 - web_scanner_bot - INFO - Уязвимость #4: unknown A06_Vulnerable_Component_Jquery на https://isu.ru/
2025-05-26 21:16:21,287 - web_scanner_bot - INFO - Уязвимость #5: high RCE_Command_Output на https://isu.ru/
2025-05-26 21:16:22,012 - web_scanner_bot - INFO - Отправка файла результатов краулинга: ./scan_results/crawler_results_20250526_211619.json
2025-05-26 21:16:23,031 - web_scanner_bot - INFO - Отправка файла результатов сканирования уязвимостей: ./scan_results/vulnerability_results_20250526_211619.json
2025-05-26 21:16:28,040 - web_scanner_bot - ERROR - Ошибка при краулинге и сканировании https://isu.ru/: Timed out
2025-05-26 21:18:32,629 - web_scanner_bot - INFO - Пользователь 7168936119 (botsma) вызвал команду /exp для https://isu.ru/search
2025-05-26 21:18:33,057 - web_scanner_bot - INFO - Начало эксплуатации уязвимостей для URL: https://isu.ru/search
2025-05-26 21:18:49,979 - web_scanner_bot - INFO - Эксплуатация уязвимостей для URL https://isu.ru/search завершена
2025-05-26 21:18:50,902 - web_scanner_bot - INFO - HTML-отчет сохранен в reports/isu.ru_20250526_211849.html и отправлен пользователю
2025-05-26 21:18:58,769 - web_scanner_bot - INFO - Пользователь 7168936119 (botsma) вызвал команду /exp для https://isu.ru/search/
2025-05-26 21:18:59,289 - web_scanner_bot - INFO - Начало эксплуатации уязвимостей для URL: https://isu.ru/search/
2025-05-26 21:19:15,774 - web_scanner_bot - INFO - Эксплуатация уязвимостей для URL https://isu.ru/search/ завершена
2025-05-26 21:19:16,610 - web_scanner_bot - INFO - HTML-отчет сохранен в reports/isu.ru_20250526_211915.html и отправлен пользователю
