2025-05-26 19:23:49,595 - web_scanner_bot - INFO - ===== Веб сканнер с Telegram ботом запущен =====
2025-05-26 19:23:49,597 - web_scanner_bot - INFO - Логи сохраняются в: logs/bot_log_2025-05-26_19-23-49.log
2025-05-26 19:23:50,027 - web_scanner_bot - INFO - Telegram Bot Token: 78009...ZhopI
2025-05-26 19:24:04,052 - web_scanner_bot - INFO - Пользователь 7168936119 (botsma) вызвал команду /brute для https://sch5-bogorodsk.edumsko.ru/adm с логином admin
2025-05-26 19:24:04,442 - web_scanner_bot - INFO - Запуск брутфорса basic для https://sch5-bogorodsk.edumsko.ru/adm
2025-05-26 19:24:04,768 - web_scanner_bot - INFO - Обновлено сообщение с прогрессом: <b>🔑 Прогресс перебора паролей:</b>
Проверено: 0% ...
2025-05-26 19:24:07,262 - web_scanner_bot - INFO - Обновлено сообщение с прогрессом: <b>🔑 Прогресс перебора паролей:</b>
Проверено: 0% ...
2025-05-26 19:24:19,783 - web_scanner_bot - INFO - Обновлено сообщение с прогрессом: <b>🔑 Прогресс перебора паролей:</b>
Проверено: 0% ...
2025-05-26 19:24:21,992 - web_scanner_bot - INFO - Обновлено сообщение с прогрессом: <b>🔑 Прогресс перебора паролей:</b>
Проверено: 0% ...
2025-05-26 19:24:24,206 - web_scanner_bot - INFO - Обновлено сообщение с прогрессом: <b>🔑 Прогресс перебора паролей:</b>
Проверено: 0% ...
2025-05-26 19:24:26,411 - web_scanner_bot - INFO - Обновлено сообщение с прогрессом: <b>🔑 Прогресс перебора паролей:</b>
Проверено: 0% ...
2025-05-26 19:24:28,654 - web_scanner_bot - INFO - Обновлено сообщение с прогрессом: <b>🔑 Прогресс перебора паролей:</b>
Проверено: 0% ...
2025-05-26 19:24:30,864 - web_scanner_bot - INFO - Обновлено сообщение с прогрессом: <b>🔑 Прогресс перебора паролей:</b>
Проверено: 0% ...
2025-05-26 19:24:33,139 - web_scanner_bot - INFO - Обновлено сообщение с прогрессом: <b>🔑 Прогресс перебора паролей:</b>
Проверено: 0% ...
2025-05-26 19:24:35,395 - web_scanner_bot - INFO - Обновлено сообщение с прогрессом: <b>🔑 Прогресс перебора паролей:</b>
Проверено: 0% ...
2025-05-26 19:24:37,762 - web_scanner_bot - INFO - Обновлено сообщение с прогрессом: <b>🔑 Прогресс перебора паролей:</b>
Проверено: 0% ...
2025-05-26 19:24:39,975 - web_scanner_bot - INFO - Обновлено сообщение с прогрессом: <b>🔑 Прогресс перебора паролей:</b>
Проверено: 0% ...
2025-05-26 19:24:42,199 - web_scanner_bot - INFO - Обновлено сообщение с прогрессом: <b>🔑 Прогресс перебора паролей:</b>
Проверено: 0% ...
2025-05-26 19:24:44,409 - web_scanner_bot - INFO - Обновлено сообщение с прогрессом: <b>🔑 Прогресс перебора паролей:</b>
Проверено: 0% ...
2025-05-26 19:24:46,621 - web_scanner_bot - INFO - Обновлено сообщение с прогрессом: <b>🔑 Прогресс перебора паролей:</b>
Проверено: 0% ...
2025-05-26 19:24:48,831 - web_scanner_bot - INFO - Обновлено сообщение с прогрессом: <b>🔑 Прогресс перебора паролей:</b>
Проверено: 0% ...
2025-05-26 19:24:51,054 - web_scanner_bot - INFO - Обновлено сообщение с прогрессом: <b>🔑 Прогресс перебора паролей:</b>
Проверено: 0% ...
2025-05-26 19:24:53,312 - web_scanner_bot - INFO - Обновлено сообщение с прогрессом: <b>🔑 Прогресс перебора паролей:</b>
Проверено: 0% ...
2025-05-26 19:24:55,530 - web_scanner_bot - INFO - Обновлено сообщение с прогрессом: <b>🔑 Прогресс перебора паролей:</b>
Проверено: 0% ...
2025-05-26 19:24:57,758 - web_scanner_bot - INFO - Обновлено сообщение с прогрессом: <b>🔑 Прогресс перебора паролей:</b>
Проверено: 0% ...
2025-05-26 19:24:59,971 - web_scanner_bot - INFO - Обновлено сообщение с прогрессом: <b>🔑 Прогресс перебора паролей:</b>
Проверено: 0% ...
2025-05-26 19:25:02,185 - web_scanner_bot - INFO - Обновлено сообщение с прогрессом: <b>🔑 Прогресс перебора паролей:</b>
Проверено: 0% ...
2025-05-26 19:25:04,398 - web_scanner_bot - INFO - Обновлено сообщение с прогрессом: <b>🔑 Прогресс перебора паролей:</b>
Проверено: 0% ...
2025-05-26 19:25:06,611 - web_scanner_bot - INFO - Обновлено сообщение с прогрессом: <b>🔑 Прогресс перебора паролей:</b>
Проверено: 0% ...
2025-05-26 19:25:08,841 - web_scanner_bot - INFO - Обновлено сообщение с прогрессом: <b>🔑 Прогресс перебора паролей:</b>
Проверено: 0% ...
2025-05-26 19:25:11,198 - web_scanner_bot - INFO - Обновлено сообщение с прогрессом: <b>🔑 Прогресс перебора паролей:</b>
Проверено: 0% ...
2025-05-26 19:25:13,414 - web_scanner_bot - INFO - Обновлено сообщение с прогрессом: <b>🔑 Прогресс перебора паролей:</b>
Проверено: 0% ...
2025-05-26 19:25:15,628 - web_scanner_bot - INFO - Обновлено сообщение с прогрессом: <b>🔑 Прогресс перебора паролей:</b>
Проверено: 0% ...
2025-05-26 19:25:17,849 - web_scanner_bot - INFO - Обновлено сообщение с прогрессом: <b>🔑 Прогресс перебора паролей:</b>
Проверено: 0% ...
2025-05-26 19:25:20,139 - web_scanner_bot - INFO - Обновлено сообщение с прогрессом: <b>🔑 Прогресс перебора паролей:</b>
Проверено: 0% ...
2025-05-26 19:25:22,346 - web_scanner_bot - INFO - Обновлено сообщение с прогрессом: <b>🔑 Прогресс перебора паролей:</b>
Проверено: 0% ...
2025-05-26 19:25:24,611 - web_scanner_bot - INFO - Обновлено сообщение с прогрессом: <b>🔑 Прогресс перебора паролей:</b>
Проверено: 0% ...
2025-05-26 19:25:26,858 - web_scanner_bot - INFO - Обновлено сообщение с прогрессом: <b>🔑 Прогресс перебора паролей:</b>
Проверено: 0% ...
2025-05-26 19:25:29,074 - web_scanner_bot - INFO - Обновлено сообщение с прогрессом: <b>🔑 Прогресс перебора паролей:</b>
Проверено: 0% ...
2025-05-26 19:25:31,290 - web_scanner_bot - INFO - Обновлено сообщение с прогрессом: <b>🔑 Прогресс перебора паролей:</b>
Проверено: 0% ...
