2025-05-26 15:39:40,296 - web_scanner_bot - INFO - ===== Веб сканнер с Telegram ботом запущен =====
2025-05-26 15:39:40,297 - web_scanner_bot - INFO - Логи сохраняются в: logs/bot_log_2025-05-26_15-39-40.log
2025-05-26 15:39:40,607 - web_scanner_bot - INFO - Telegram Bot Token: 78009...ZhopI
2025-05-26 15:39:40,608 - web_scanner_bot - INFO - Запуск Telegram бота
2025-05-26 15:39:40,608 - web_scanner_bot - INFO - Создание нового event loop
2025-05-26 15:39:40,609 - web_scanner_bot - INFO - Инициализация приложения Telegram
2025-05-26 15:39:40,969 - web_scanner_bot - INFO - Регистрация обработчиков команд
2025-05-26 15:39:40,970 - web_scanner_bot - INFO - Инициализация бота
2025-05-26 15:39:41,302 - web_scanner_bot - INFO - Запуск бота
2025-05-26 15:39:41,304 - web_scanner_bot - INFO - Запуск polling для получения обновлений
2025-05-26 15:39:41,387 - web_scanner_bot - INFO - Бот запущен и готов к работе
2025-05-26 15:39:41,639 - web_scanner_bot - WARNING - Пользователь 7168936119 не указал URL для команды /crawl
2025-05-26 15:40:52,918 - web_scanner_bot - INFO - Пользователь 7168936119 (botsma) вызвал команду /scan для https://sch5-bogorodsk.edumsko.ru
2025-05-26 15:40:53,290 - web_scanner_bot - INFO - Начало сканирования URL: https://sch5-bogorodsk.edumsko.ru
2025-05-26 15:40:53,290 - web_scanner_bot - INFO - Запуск сканирования для https://sch5-bogorodsk.edumsko.ru (режим эксплойта: False)
2025-05-26 15:40:53,290 - web_scanner_bot - INFO - Отправка HTTP запроса на https://sch5-bogorodsk.edumsko.ru
2025-05-26 15:40:54,576 - web_scanner_bot - INFO - Получен ответ от https://sch5-bogorodsk.edumsko.ru: статус 200
2025-05-26 15:40:54,577 - web_scanner_bot - INFO - Анализ сайта на уязвимости: https://sch5-bogorodsk.edumsko.ru
2025-05-26 15:41:07,440 - web_scanner_bot - INFO - Анализ завершен: найдено 10 уязвимостей
2025-05-26 15:41:07,443 - web_scanner_bot - INFO - Сканирование URL https://sch5-bogorodsk.edumsko.ru завершено, найдено уязвимостей: 10
2025-05-26 15:41:07,740 - web_scanner_bot - ERROR - Ошибка при сканировании https://sch5-bogorodsk.edumsko.ru: Can't parse entities: unsupported start tag "input" at byte offset 717
