2025-05-26 19:20:47,919 - web_scanner_bot - INFO - ===== Веб сканнер с Telegram ботом запущен =====
2025-05-26 19:20:47,919 - web_scanner_bot - INFO - Логи сохраняются в: logs/bot_log_2025-05-26_19-20-47.log
2025-05-26 19:20:48,443 - web_scanner_bot - INFO - Telegram Bot Token: 78009...ZhopI
2025-05-26 19:21:04,154 - web_scanner_bot - INFO - Пользователь 7168936119 (botsma) вызвал команду /brute для https://sch5-bogorodsk.edumsko.ru/adm с логином admin
2025-05-26 19:21:04,568 - web_scanner_bot - INFO - Запуск брутфорса basic для https://sch5-bogorodsk.edumsko.ru/adm
2025-05-26 19:21:06,777 - web_scanner_bot - INFO - Обновлено сообщение с прогрессом: <b>🔑 Прогресс перебора паролей:</b>
Проверено: 0% ...
2025-05-26 19:21:09,153 - web_scanner_bot - INFO - Обновлено сообщение с прогрессом: <b>🔑 Прогресс перебора паролей:</b>
Проверено: 0% ...
2025-05-26 19:21:11,387 - web_scanner_bot - INFO - Обновлено сообщение с прогрессом: <b>🔑 Прогресс перебора паролей:</b>
Проверено: 0% ...
2025-05-26 19:21:13,610 - web_scanner_bot - INFO - Обновлено сообщение с прогрессом: <b>🔑 Прогресс перебора паролей:</b>
Проверено: 0% ...
2025-05-26 19:21:15,835 - web_scanner_bot - INFO - Обновлено сообщение с прогрессом: <b>🔑 Прогресс перебора паролей:</b>
Проверено: 0% ...
2025-05-26 19:21:18,070 - web_scanner_bot - INFO - Обновлено сообщение с прогрессом: <b>🔑 Прогресс перебора паролей:</b>
Проверено: 0% ...
2025-05-26 19:21:20,358 - web_scanner_bot - INFO - Обновлено сообщение с прогрессом: <b>🔑 Прогресс перебора паролей:</b>
Проверено: 0% ...
2025-05-26 19:21:22,661 - web_scanner_bot - INFO - Обновлено сообщение с прогрессом: <b>🔑 Прогресс перебора паролей:</b>
Проверено: 0% ...
2025-05-26 19:21:24,893 - web_scanner_bot - INFO - Обновлено сообщение с прогрессом: <b>🔑 Прогресс перебора паролей:</b>
Проверено: 0% ...
2025-05-26 19:21:27,190 - web_scanner_bot - INFO - Обновлено сообщение с прогрессом: <b>🔑 Прогресс перебора паролей:</b>
Проверено: 0% ...
2025-05-26 19:21:29,755 - web_scanner_bot - INFO - Обновлено сообщение с прогрессом: <b>🔑 Прогресс перебора паролей:</b>
Проверено: 0% ...
2025-05-26 19:21:31,974 - web_scanner_bot - INFO - Обновлено сообщение с прогрессом: <b>🔑 Прогресс перебора паролей:</b>
Проверено: 0% ...
2025-05-26 19:21:34,183 - web_scanner_bot - INFO - Обновлено сообщение с прогрессом: <b>🔑 Прогресс перебора паролей:</b>
Проверено: 0% ...
2025-05-26 19:21:36,488 - web_scanner_bot - INFO - Обновлено сообщение с прогрессом: <b>🔑 Прогресс перебора паролей:</b>
Проверено: 0% ...
2025-05-26 19:21:38,703 - web_scanner_bot - INFO - Обновлено сообщение с прогрессом: <b>🔑 Прогресс перебора паролей:</b>
Проверено: 0% ...
2025-05-26 19:21:41,093 - web_scanner_bot - INFO - Обновлено сообщение с прогрессом: <b>🔑 Прогресс перебора паролей:</b>
Проверено: 0% ...
2025-05-26 19:21:43,310 - web_scanner_bot - INFO - Обновлено сообщение с прогрессом: <b>🔑 Прогресс перебора паролей:</b>
Проверено: 0% ...
2025-05-26 19:21:45,521 - web_scanner_bot - INFO - Обновлено сообщение с прогрессом: <b>🔑 Прогресс перебора паролей:</b>
Проверено: 0% ...
2025-05-26 19:21:47,836 - web_scanner_bot - INFO - Обновлено сообщение с прогрессом: <b>🔑 Прогресс перебора паролей:</b>
Проверено: 0% ...
2025-05-26 19:21:50,078 - web_scanner_bot - INFO - Обновлено сообщение с прогрессом: <b>🔑 Прогресс перебора паролей:</b>
Проверено: 0% ...
2025-05-26 19:21:52,371 - web_scanner_bot - INFO - Обновлено сообщение с прогрессом: <b>🔑 Прогресс перебора паролей:</b>
Проверено: 0% ...
2025-05-26 19:21:54,589 - web_scanner_bot - INFO - Обновлено сообщение с прогрессом: <b>🔑 Прогресс перебора паролей:</b>
Проверено: 0% ...
2025-05-26 19:21:56,803 - web_scanner_bot - INFO - Обновлено сообщение с прогрессом: <b>🔑 Прогресс перебора паролей:</b>
Проверено: 0% ...
2025-05-26 19:21:59,114 - web_scanner_bot - INFO - Обновлено сообщение с прогрессом: <b>🔑 Прогресс перебора паролей:</b>
Проверено: 0% ...
2025-05-26 19:22:01,334 - web_scanner_bot - INFO - Обновлено сообщение с прогрессом: <b>🔑 Прогресс перебора паролей:</b>
Проверено: 0% ...
2025-05-26 19:22:03,624 - web_scanner_bot - INFO - Обновлено сообщение с прогрессом: <b>🔑 Прогресс перебора паролей:</b>
Проверено: 0% ...
2025-05-26 19:22:05,865 - web_scanner_bot - INFO - Обновлено сообщение с прогрессом: <b>🔑 Прогресс перебора паролей:</b>
Проверено: 0% ...
2025-05-26 19:22:08,086 - web_scanner_bot - INFO - Обновлено сообщение с прогрессом: <b>🔑 Прогресс перебора паролей:</b>
Проверено: 0% ...
2025-05-26 19:22:10,320 - web_scanner_bot - INFO - Обновлено сообщение с прогрессом: <b>🔑 Прогресс перебора паролей:</b>
Проверено: 0% ...
2025-05-26 19:22:12,537 - web_scanner_bot - INFO - Обновлено сообщение с прогрессом: <b>🔑 Прогресс перебора паролей:</b>
Проверено: 0% ...
2025-05-26 19:22:14,765 - web_scanner_bot - INFO - Обновлено сообщение с прогрессом: <b>🔑 Прогресс перебора паролей:</b>
Проверено: 0% ...
2025-05-26 19:22:16,983 - web_scanner_bot - INFO - Обновлено сообщение с прогрессом: <b>🔑 Прогресс перебора паролей:</b>
Проверено: 0% ...
2025-05-26 19:22:19,301 - web_scanner_bot - INFO - Обновлено сообщение с прогрессом: <b>🔑 Прогресс перебора паролей:</b>
Проверено: 0% ...
2025-05-26 19:22:21,514 - web_scanner_bot - INFO - Обновлено сообщение с прогрессом: <b>🔑 Прогресс перебора паролей:</b>
Проверено: 0% ...
2025-05-26 19:22:23,732 - web_scanner_bot - INFO - Обновлено сообщение с прогрессом: <b>🔑 Прогресс перебора паролей:</b>
Проверено: 0% ...
2025-05-26 19:22:25,960 - web_scanner_bot - INFO - Обновлено сообщение с прогрессом: <b>🔑 Прогресс перебора паролей:</b>
Проверено: 0% ...
2025-05-26 19:22:28,197 - web_scanner_bot - INFO - Обновлено сообщение с прогрессом: <b>🔑 Прогресс перебора паролей:</b>
Проверено: 0% ...
2025-05-26 19:22:30,401 - web_scanner_bot - INFO - Обновлено сообщение с прогрессом: <b>🔑 Прогресс перебора паролей:</b>
Проверено: 0% ...
2025-05-26 19:22:32,619 - web_scanner_bot - INFO - Обновлено сообщение с прогрессом: <b>🔑 Прогресс перебора паролей:</b>
Проверено: 0% ...
2025-05-26 19:22:34,834 - web_scanner_bot - INFO - Обновлено сообщение с прогрессом: <b>🔑 Прогресс перебора паролей:</b>
Проверено: 0% ...
2025-05-26 19:22:37,104 - web_scanner_bot - INFO - Обновлено сообщение с прогрессом: <b>🔑 Прогресс перебора паролей:</b>
Проверено: 0% ...
2025-05-26 19:22:39,403 - web_scanner_bot - INFO - Обновлено сообщение с прогрессом: <b>🔑 Прогресс перебора паролей:</b>
Проверено: 0% ...
2025-05-26 19:22:41,680 - web_scanner_bot - INFO - Обновлено сообщение с прогрессом: <b>🔑 Прогресс перебора паролей:</b>
Проверено: 0% ...
