2025-05-26 17:46:11,512 - web_scanner_bot - INFO - ===== Веб сканнер с Telegram ботом запущен =====
2025-05-26 17:46:11,512 - web_scanner_bot - INFO - Логи сохраняются в: logs/bot_log_2025-05-26_17-46-11.log
2025-05-26 17:46:11,857 - web_scanner_bot - INFO - Telegram Bot Token: 78009...ZhopI
2025-05-26 17:46:22,131 - web_scanner_bot - INFO - Пользователь 7168936119 (botsma) вызвал команду /exp для https://sch5-bogorodsk.edumsko.ru
2025-05-26 17:46:22,524 - web_scanner_bot - INFO - Начало эксплуатации уязвимостей для URL: https://sch5-bogorodsk.edumsko.ru
2025-05-26 17:47:30,632 - web_scanner_bot - INFO - Эксплуатация уязвимостей для URL https://sch5-bogorodsk.edumsko.ru завершена
2025-05-26 17:47:31,963 - web_scanner_bot - INFO - HTML-отчет сохранен в reports/sch5-bogorodsk.edumsko.ru_20250526_174730.html и отправлен пользователю
2025-05-26 17:50:18,484 - web_scanner_bot - INFO - Пользователь 7168936119 (botsma) вызвал команду /exp для https://licey21oaorzd.ru
2025-05-26 17:50:18,941 - web_scanner_bot - INFO - Начало эксплуатации уязвимостей для URL: https://licey21oaorzd.ru
2025-05-26 17:50:37,922 - web_scanner_bot - INFO - Эксплуатация уязвимостей для URL https://licey21oaorzd.ru завершена
2025-05-26 17:50:38,646 - web_scanner_bot - INFO - HTML-отчет сохранен в reports/licey21oaorzd.ru_20250526_175037.html и отправлен пользователю
2025-05-26 17:51:00,671 - web_scanner_bot - INFO - Пользователь 7168936119 (botsma) вызвал команду /scan для /exp
2025-05-26 17:51:01,154 - web_scanner_bot - INFO - Начало сканирования URL: /exp
2025-05-26 17:51:01,155 - web_scanner_bot - INFO - Запуск сканирования для /exp (режим эксплойта: False)
2025-05-26 17:51:01,155 - web_scanner_bot - INFO - Отправка HTTP запроса на /exp
2025-05-26 17:51:01,156 - web_scanner_bot - ERROR - Ошибка при сканировании /exp: Invalid URL '/exp': No scheme supplied. Perhaps you meant https:///exp?
2025-05-26 17:51:01,219 - web_scanner_bot - ERROR - Трассировка ошибки:
Traceback (most recent call last):
  File "/Users/x/Desktop/веб сканнер /bot/bot.py", line 182, in full_scan_pipeline
    response = requests.get(target_url, timeout=10)
  File "/Library/Frameworks/Python.framework/Versions/3.13/lib/python3.13/site-packages/requests/api.py", line 73, in get
    return request("get", url, params=params, **kwargs)
  File "/Library/Frameworks/Python.framework/Versions/3.13/lib/python3.13/site-packages/requests/api.py", line 59, in request
    return session.request(method=method, url=url, **kwargs)
           ~~~~~~~~~~~~~~~^^^^^^^^^^^^^^^^^^^^^^^^^^^^^^^^^^
  File "/Library/Frameworks/Python.framework/Versions/3.13/lib/python3.13/site-packages/requests/sessions.py", line 575, in request
    prep = self.prepare_request(req)
  File "/Library/Frameworks/Python.framework/Versions/3.13/lib/python3.13/site-packages/requests/sessions.py", line 484, in prepare_request
    p.prepare(
    ~~~~~~~~~^
        method=request.method.upper(),
        ^^^^^^^^^^^^^^^^^^^^^^^^^^^^^^
    ...<10 lines>...
        hooks=merge_hooks(request.hooks, self.hooks),
        ^^^^^^^^^^^^^^^^^^^^^^^^^^^^^^^^^^^^^^^^^^^^^
    )
    ^
  File "/Library/Frameworks/Python.framework/Versions/3.13/lib/python3.13/site-packages/requests/models.py", line 367, in prepare
    self.prepare_url(url, params)
    ~~~~~~~~~~~~~~~~^^^^^^^^^^^^^
  File "/Library/Frameworks/Python.framework/Versions/3.13/lib/python3.13/site-packages/requests/models.py", line 438, in prepare_url
    raise MissingSchema(
    ...<2 lines>...
    )
requests.exceptions.MissingSchema: Invalid URL '/exp': No scheme supplied. Perhaps you meant https:///exp?

2025-05-26 17:51:01,220 - web_scanner_bot - INFO - Сканирование URL /exp завершено, найдено уязвимостей: 0
2025-05-26 17:51:01,221 - web_scanner_bot - INFO - Отчет в формате HTML для Obsidian сохранен: reports/scan__exp_20250526_175101.html
2025-05-26 17:51:15,053 - web_scanner_bot - INFO - Пользователь 7168936119 (botsma) вызвал команду /scan для https://licey21oaorzd.ru
2025-05-26 17:51:15,473 - web_scanner_bot - INFO - Начало сканирования URL: https://licey21oaorzd.ru
2025-05-26 17:51:15,473 - web_scanner_bot - INFO - Запуск сканирования для https://licey21oaorzd.ru (режим эксплойта: False)
2025-05-26 17:51:15,473 - web_scanner_bot - INFO - Отправка HTTP запроса на https://licey21oaorzd.ru
2025-05-26 17:51:15,737 - web_scanner_bot - INFO - Получен ответ от https://licey21oaorzd.ru: статус 403
2025-05-26 17:51:15,739 - web_scanner_bot - INFO - Анализ сайта на уязвимости: https://licey21oaorzd.ru
2025-05-26 17:51:26,563 - web_scanner_bot - INFO - Анализ завершен: найдено 7 уязвимостей
2025-05-26 17:51:26,567 - web_scanner_bot - INFO - Сканирование URL https://licey21oaorzd.ru завершено, найдено уязвимостей: 7
2025-05-26 17:51:26,568 - web_scanner_bot - INFO - Отчет в формате HTML для Obsidian сохранен: reports/scan_licey21oaorzd.ru_20250526_175126.html
2025-05-26 17:51:56,088 - web_scanner_bot - INFO - Пользователь 7168936119 (botsma) вызвал команду /exp для https://licey21oaorzd.ru
2025-05-26 17:51:56,970 - web_scanner_bot - INFO - Начало эксплуатации уязвимостей для URL: https://licey21oaorzd.ru
2025-05-26 17:52:11,998 - web_scanner_bot - INFO - Эксплуатация уязвимостей для URL https://licey21oaorzd.ru завершена
2025-05-26 17:52:12,844 - web_scanner_bot - INFO - HTML-отчет сохранен в reports/licey21oaorzd.ru_20250526_175212.html и отправлен пользователю
2025-05-26 17:56:24,860 - web_scanner_bot - INFO - Пользователь 7168936119 (botsma) вызвал команду /scan для https://id.yandex.ru/
2025-05-26 17:56:25,395 - web_scanner_bot - INFO - Начало сканирования URL: https://id.yandex.ru/
2025-05-26 17:56:25,395 - web_scanner_bot - INFO - Запуск сканирования для https://id.yandex.ru/ (режим эксплойта: False)
2025-05-26 17:56:25,395 - web_scanner_bot - INFO - Отправка HTTP запроса на https://id.yandex.ru/
2025-05-26 17:56:25,862 - web_scanner_bot - INFO - Получен ответ от https://id.yandex.ru/: статус 200
2025-05-26 17:56:25,863 - web_scanner_bot - INFO - Анализ сайта на уязвимости: https://id.yandex.ru/
2025-05-26 17:56:34,791 - web_scanner_bot - INFO - Анализ завершен: найдено 13 уязвимостей
2025-05-26 17:56:34,793 - web_scanner_bot - INFO - Сканирование URL https://id.yandex.ru/ завершено, найдено уязвимостей: 13
2025-05-26 17:56:34,796 - web_scanner_bot - INFO - Отчет в формате HTML для Obsidian сохранен: reports/scan_id.yandex.ru__20250526_175634.html
2025-05-26 17:57:17,185 - web_scanner_bot - INFO - Пользователь 7168936119 (botsma) вызвал команду /exp для https://id.yandex.ru/
2025-05-26 17:57:17,598 - web_scanner_bot - INFO - Начало эксплуатации уязвимостей для URL: https://id.yandex.ru/
2025-05-26 17:59:19,304 - web_scanner_bot - INFO - Эксплуатация уязвимостей для URL https://id.yandex.ru/ завершена
2025-05-26 17:59:20,771 - web_scanner_bot - INFO - HTML-отчет сохранен в reports/id.yandex.ru_20250526_175919.html и отправлен пользователю
