2025-05-26 19:52:53,466 - web_scanner_bot - INFO - ===== Веб сканнер с Telegram ботом запущен =====
2025-05-26 19:52:53,467 - web_scanner_bot - INFO - Логи сохраняются в: logs/bot_log_2025-05-26_19-52-53.log
2025-05-26 19:52:53,999 - web_scanner_bot - INFO - Telegram Bot Token: 78009...ZhopI
2025-05-26 19:53:00,117 - web_scanner_bot - INFO - Пользователь 7168936119 (botsma) вызвал команду /brute для https://xn--45-mlclgj2f.xn--p1ai/phpmyadmin с логином admin
2025-05-26 19:53:01,030 - web_scanner_bot - INFO - Запуск брутфорса basic для https://xn--45-mlclgj2f.xn--p1ai/phpmyadmin
2025-05-26 19:53:03,279 - web_scanner_bot - INFO - Обновлено сообщение с прогрессом: <b>🔑 Прогресс перебора паролей:</b>
Проверено: 0% ...
2025-05-26 19:53:05,539 - web_scanner_bot - INFO - Обновлено сообщение с прогрессом: <b>🔑 Прогресс перебора паролей:</b>
Проверено: 0% ...
2025-05-26 19:53:07,798 - web_scanner_bot - ERROR - Ошибка при обновлении прогресса: Message_too_long
2025-05-26 19:53:10,124 - web_scanner_bot - ERROR - Ошибка при обновлении прогресса: Message_too_long
2025-05-26 19:53:12,345 - web_scanner_bot - ERROR - Ошибка при обновлении прогресса: Message_too_long
2025-05-26 19:53:15,150 - web_scanner_bot - ERROR - Ошибка при обновлении прогресса: Message_too_long
2025-05-26 19:53:17,300 - web_scanner_bot - ERROR - Ошибка при обновлении прогресса: Text is too long
2025-05-26 19:53:19,409 - web_scanner_bot - ERROR - Ошибка при обновлении прогресса: Text is too long
2025-05-26 19:53:21,543 - web_scanner_bot - ERROR - Ошибка при обновлении прогресса: Text is too long
2025-05-26 19:53:23,658 - web_scanner_bot - ERROR - Ошибка при обновлении прогресса: Text is too long
2025-05-26 19:53:25,780 - web_scanner_bot - ERROR - Ошибка при обновлении прогресса: Text is too long
2025-05-26 19:53:27,947 - web_scanner_bot - ERROR - Ошибка при обновлении прогресса: Text is too long
2025-05-26 19:53:30,560 - web_scanner_bot - ERROR - Ошибка при обновлении прогресса: Text is too long
2025-05-26 19:53:32,756 - web_scanner_bot - ERROR - Ошибка при обновлении прогресса: Text is too long
2025-05-26 19:53:34,915 - web_scanner_bot - ERROR - Ошибка при обновлении прогресса: Text is too long
2025-05-26 19:53:37,250 - web_scanner_bot - ERROR - Ошибка при обновлении прогресса: Text is too long
2025-05-26 19:53:39,439 - web_scanner_bot - ERROR - Ошибка при обновлении прогресса: Text is too long
2025-05-26 19:53:41,572 - web_scanner_bot - ERROR - Ошибка при обновлении прогресса: Text is too long
2025-05-26 19:53:43,740 - web_scanner_bot - ERROR - Ошибка при обновлении прогресса: Text is too long
2025-05-26 19:53:45,876 - web_scanner_bot - ERROR - Ошибка при обновлении прогресса: Text is too long
2025-05-26 19:53:48,025 - web_scanner_bot - ERROR - Ошибка при обновлении прогресса: Text is too long
2025-05-26 19:53:50,347 - web_scanner_bot - ERROR - Ошибка при обновлении прогресса: Text is too long
2025-05-26 19:53:52,501 - web_scanner_bot - ERROR - Ошибка при обновлении прогресса: Text is too long
